   1               		.file	"lcd.c"
   2               		.arch atmega32
   3               	__SREG__ = 0x3f
   4               	__SP_H__ = 0x3e
   5               	__SP_L__ = 0x3d
   6               	__tmp_reg__ = 0
   7               	__zero_reg__ = 1
   8               		.global __do_copy_data
   9               		.global __do_clear_bss
  17               	.Ltext0:
  18               	.global	english
  19               		.section	.progmem.data、"a"、@progbits
  22               	english:
  23 0000 00        		.byte	0
  24 0001 00        		.byte	0
  25 0002 00        		.byte	0
  26 0003 00        		.byte	0
  27 0004 00        		.byte	0
  28 0005 00        		.byte	0
  29 0006 00        		.byte	0
  30 0007 00        		.byte	0
  31 0008 00        		.byte	0
  32 0009 00        		.byte	0
  33 000a 00        		.byte	0
  34 000b 00        		.byte	0
  35 000c 00        		.byte	0
  36 000d 00        		.byte	0
  37 000e 00        		.byte	0
  38 000f 00        		.byte	0
  39 0010 00        		.byte	0
  40 0011 00        		.byte	0
  41 0012 00        		.byte	0
  42 0013 00        		.byte	0
  43 0014 18        		.byte	24
  44 0015 3C        		.byte	60
  45 0016 3C        		.byte	60
  46 0017 3C        		.byte	60
  47 0018 18        		.byte	24
  48 0019 18        		.byte	24
  49 001a 00        		.byte	0
  50 001b 18        		.byte	24
  51 001c 18        		.byte	24
  52 001d 00        		.byte	0
  53 001e 00        		.byte	0
  54 001f 00        		.byte	0
  55 0020 00        		.byte	0
  56 0021 00        		.byte	0
  57 0022 00        		.byte	0
  58 0023 00        		.byte	0
  59 0024 66        		.byte	102
  60 0025 66        		.byte	102
  61 0026 66        		.byte	102
  62 0027 00        		.byte	0
  63 0028 00        		.byte	0
  64 0029 00        		.byte	0
  65 002a 00        		.byte	0
  66 002b 00        		.byte	0
  67 002c 00        		.byte	0
  68 002d 00        		.byte	0
  69 002e 00        		.byte	0
  70 002f 00        		.byte	0
  71 0030 00        		.byte	0
  72 0031 00        		.byte	0
  73 0032 00        		.byte	0
  74 0033 00        		.byte	0
  75 0034 36        		.byte	54
  76 0035 36        		.byte	54
  77 0036 7F        		.byte	127
  78 0037 36        		.byte	54
  79 0038 36        		.byte	54
  80 0039 36        		.byte	54
  81 003a 7F        		.byte	127
  82 003b 36        		.byte	54
  83 003c 36        		.byte	54
  84 003d 00        		.byte	0
  85 003e 00        		.byte	0
  86 003f 00        		.byte	0
  87 0040 00        		.byte	0
  88 0041 00        		.byte	0
  89 0042 18        		.byte	24
  90 0043 18        		.byte	24
  91 0044 3C        		.byte	60
  92 0045 66        		.byte	102
  93 0046 60        		.byte	96
  94 0047 30        		.byte	48
  95 0048 18        		.byte	24
  96 0049 0C        		.byte	12
  97 004a 06        		.byte	6
  98 004b 66        		.byte	102
  99 004c 3C        		.byte	60
 100 004d 18        		.byte	24
 101 004e 18        		.byte	24
 102 004f 00        		.byte	0
 103 0050 00        		.byte	0
 104 0051 00        		.byte	0
 105 0052 00        		.byte	0
 106 0053 70        		.byte	112
 107 0054 D8        		.byte	-40
 108 0055 DA        		.byte	-38
 109 0056 76        		.byte	118
 110 0057 0C        		.byte	12
 111 0058 18        		.byte	24
 112 0059 30        		.byte	48
 113 005a 6E        		.byte	110
 114 005b 5B        		.byte	91
 115 005c 1B        		.byte	27
 116 005d 0E        		.byte	14
 117 005e 00        		.byte	0
 118 005f 00        		.byte	0
 119 0060 00        		.byte	0
 120 0061 00        		.byte	0
 121 0062 00        		.byte	0
 122 0063 00        		.byte	0
 123 0064 38        		.byte	56
 124 0065 6C        		.byte	108
 125 0066 6C        		.byte	108
 126 0067 38        		.byte	56
 127 0068 60        		.byte	96
 128 0069 6F        		.byte	111
 129 006a 66        		.byte	102
 130 006b 66        		.byte	102
 131 006c 3B        		.byte	59
 132 006d 00        		.byte	0
 133 006e 00        		.byte	0
 134 006f 00        		.byte	0
 135 0070 00        		.byte	0
 136 0071 00        		.byte	0
 137 0072 00        		.byte	0
 138 0073 00        		.byte	0
 139 0074 18        		.byte	24
 140 0075 18        		.byte	24
 141 0076 18        		.byte	24
 142 0077 00        		.byte	0
 143 0078 00        		.byte	0
 144 0079 00        		.byte	0
 145 007a 00        		.byte	0
 146 007b 00        		.byte	0
 147 007c 00        		.byte	0
 148 007d 00        		.byte	0
 149 007e 00        		.byte	0
 150 007f 00        		.byte	0
 151 0080 00        		.byte	0
 152 0081 00        		.byte	0
 153 0082 00        		.byte	0
 154 0083 00        		.byte	0
 155 0084 0C        		.byte	12
 156 0085 18        		.byte	24
 157 0086 18        		.byte	24
 158 0087 30        		.byte	48
 159 0088 30        		.byte	48
 160 0089 30        		.byte	48
 161 008a 30        		.byte	48
 162 008b 30        		.byte	48
 163 008c 18        		.byte	24
 164 008d 18        		.byte	24
 165 008e 0C        		.byte	12
 166 008f 00        		.byte	0
 167 0090 00        		.byte	0
 168 0091 00        		.byte	0
 169 0092 00        		.byte	0
 170 0093 00        		.byte	0
 171 0094 30        		.byte	48
 172 0095 18        		.byte	24
 173 0096 18        		.byte	24
 174 0097 0C        		.byte	12
 175 0098 0C        		.byte	12
 176 0099 0C        		.byte	12
 177 009a 0C        		.byte	12
 178 009b 0C        		.byte	12
 179 009c 18        		.byte	24
 180 009d 18        		.byte	24
 181 009e 30        		.byte	48
 182 009f 00        		.byte	0
 183 00a0 00        		.byte	0
 184 00a1 00        		.byte	0
 185 00a2 00        		.byte	0
 186 00a3 00        		.byte	0
 187 00a4 00        		.byte	0
 188 00a5 00        		.byte	0
 189 00a6 36        		.byte	54
 190 00a7 1C        		.byte	28
 191 00a8 7F        		.byte	127
 192 00a9 1C        		.byte	28
 193 00aa 36        		.byte	54
 194 00ab 00        		.byte	0
 195 00ac 00        		.byte	0
 196 00ad 00        		.byte	0
 197 00ae 00        		.byte	0
 198 00af 00        		.byte	0
 199 00b0 00        		.byte	0
 200 00b1 00        		.byte	0
 201 00b2 00        		.byte	0
 202 00b3 00        		.byte	0
 203 00b4 00        		.byte	0
 204 00b5 00        		.byte	0
 205 00b6 18        		.byte	24
 206 00b7 18        		.byte	24
 207 00b8 7E        		.byte	126
 208 00b9 18        		.byte	24
 209 00ba 18        		.byte	24
 210 00bb 00        		.byte	0
 211 00bc 00        		.byte	0
 212 00bd 00        		.byte	0
 213 00be 00        		.byte	0
 214 00bf 00        		.byte	0
 215 00c0 00        		.byte	0
 216 00c1 00        		.byte	0
 217 00c2 00        		.byte	0
 218 00c3 00        		.byte	0
 219 00c4 00        		.byte	0
 220 00c5 00        		.byte	0
 221 00c6 00        		.byte	0
 222 00c7 00        		.byte	0
 223 00c8 00        		.byte	0
 224 00c9 00        		.byte	0
 225 00ca 1C        		.byte	28
 226 00cb 1C        		.byte	28
 227 00cc 0C        		.byte	12
 228 00cd 18        		.byte	24
 229 00ce 00        		.byte	0
 230 00cf 00        		.byte	0
 231 00d0 00        		.byte	0
 232 00d1 00        		.byte	0
 233 00d2 00        		.byte	0
 234 00d3 00        		.byte	0
 235 00d4 00        		.byte	0
 236 00d5 00        		.byte	0
 237 00d6 00        		.byte	0
 238 00d7 7E        		.byte	126
 239 00d8 00        		.byte	0
 240 00d9 00        		.byte	0
 241 00da 00        		.byte	0
 242 00db 00        		.byte	0
 243 00dc 00        		.byte	0
 244 00dd 00        		.byte	0
 245 00de 00        		.byte	0
 246 00df 00        		.byte	0
 247 00e0 00        		.byte	0
 248 00e1 00        		.byte	0
 249 00e2 00        		.byte	0
 250 00e3 00        		.byte	0
 251 00e4 00        		.byte	0
 252 00e5 00        		.byte	0
 253 00e6 00        		.byte	0
 254 00e7 00        		.byte	0
 255 00e8 00        		.byte	0
 256 00e9 00        		.byte	0
 257 00ea 1C        		.byte	28
 258 00eb 1C        		.byte	28
 259 00ec 00        		.byte	0
 260 00ed 00        		.byte	0
 261 00ee 00        		.byte	0
 262 00ef 00        		.byte	0
 263 00f0 00        		.byte	0
 264 00f1 00        		.byte	0
 265 00f2 00        		.byte	0
 266 00f3 06        		.byte	6
 267 00f4 06        		.byte	6
 268 00f5 0C        		.byte	12
 269 00f6 0C        		.byte	12
 270 00f7 18        		.byte	24
 271 00f8 18        		.byte	24
 272 00f9 30        		.byte	48
 273 00fa 30        		.byte	48
 274 00fb 60        		.byte	96
 275 00fc 60        		.byte	96
 276 00fd 00        		.byte	0
 277 00fe 00        		.byte	0
 278 00ff 00        		.byte	0
 279 0100 00        		.byte	0
 280 0101 00        		.byte	0
 281 0102 00        		.byte	0
 282 0103 1E        		.byte	30
 283 0104 33        		.byte	51
 284 0105 37        		.byte	55
 285 0106 37        		.byte	55
 286 0107 33        		.byte	51
 287 0108 3B        		.byte	59
 288 0109 3B        		.byte	59
 289 010a 33        		.byte	51
 290 010b 1E        		.byte	30
 291 010c 00        		.byte	0
 292 010d 00        		.byte	0
 293 010e 00        		.byte	0
 294 010f 00        		.byte	0
 295 0110 00        		.byte	0
 296 0111 00        		.byte	0
 297 0112 00        		.byte	0
 298 0113 0C        		.byte	12
 299 0114 1C        		.byte	28
 300 0115 7C        		.byte	124
 301 0116 0C        		.byte	12
 302 0117 0C        		.byte	12
 303 0118 0C        		.byte	12
 304 0119 0C        		.byte	12
 305 011a 0C        		.byte	12
 306 011b 0C        		.byte	12
 307 011c 00        		.byte	0
 308 011d 00        		.byte	0
 309 011e 00        		.byte	0
 310 011f 00        		.byte	0
 311 0120 00        		.byte	0
 312 0121 00        		.byte	0
 313 0122 00        		.byte	0
 314 0123 3C        		.byte	60
 315 0124 66        		.byte	102
 316 0125 66        		.byte	102
 317 0126 06        		.byte	6
 318 0127 0C        		.byte	12
 319 0128 18        		.byte	24
 320 0129 30        		.byte	48
 321 012a 60        		.byte	96
 322 012b 7E        		.byte	126
 323 012c 00        		.byte	0
 324 012d 00        		.byte	0
 325 012e 00        		.byte	0
 326 012f 00        		.byte	0
 327 0130 00        		.byte	0
 328 0131 00        		.byte	0
 329 0132 00        		.byte	0
 330 0133 3C        		.byte	60
 331 0134 66        		.byte	102
 332 0135 66        		.byte	102
 333 0136 06        		.byte	6
 334 0137 1C        		.byte	28
 335 0138 06        		.byte	6
 336 0139 66        		.byte	102
 337 013a 66        		.byte	102
 338 013b 3C        		.byte	60
 339 013c 00        		.byte	0
 340 013d 00        		.byte	0
 341 013e 00        		.byte	0
 342 013f 00        		.byte	0
 343 0140 00        		.byte	0
 344 0141 00        		.byte	0
 345 0142 00        		.byte	0
 346 0143 30        		.byte	48
 347 0144 30        		.byte	48
 348 0145 36        		.byte	54
 349 0146 36        		.byte	54
 350 0147 36        		.byte	54
 351 0148 66        		.byte	102
 352 0149 7F        		.byte	127
 353 014a 06        		.byte	6
 354 014b 06        		.byte	6
 355 014c 00        		.byte	0
 356 014d 00        		.byte	0
 357 014e 00        		.byte	0
 358 014f 00        		.byte	0
 359 0150 00        		.byte	0
 360 0151 00        		.byte	0
 361 0152 00        		.byte	0
 362 0153 7E        		.byte	126
 363 0154 60        		.byte	96
 364 0155 60        		.byte	96
 365 0156 60        		.byte	96
 366 0157 7C        		.byte	124
 367 0158 06        		.byte	6
 368 0159 06        		.byte	6
 369 015a 0C        		.byte	12
 370 015b 78        		.byte	120
 371 015c 00        		.byte	0
 372 015d 00        		.byte	0
 373 015e 00        		.byte	0
 374 015f 00        		.byte	0
 375 0160 00        		.byte	0
 376 0161 00        		.byte	0
 377 0162 00        		.byte	0
 378 0163 1C        		.byte	28
 379 0164 18        		.byte	24
 380 0165 30        		.byte	48
 381 0166 7C        		.byte	124
 382 0167 66        		.byte	102
 383 0168 66        		.byte	102
 384 0169 66        		.byte	102
 385 016a 66        		.byte	102
 386 016b 3C        		.byte	60
 387 016c 00        		.byte	0
 388 016d 00        		.byte	0
 389 016e 00        		.byte	0
 390 016f 00        		.byte	0
 391 0170 00        		.byte	0
 392 0171 00        		.byte	0
 393 0172 00        		.byte	0
 394 0173 7E        		.byte	126
 395 0174 06        		.byte	6
 396 0175 0C        		.byte	12
 397 0176 0C        		.byte	12
 398 0177 18        		.byte	24
 399 0178 18        		.byte	24
 400 0179 30        		.byte	48
 401 017a 30        		.byte	48
 402 017b 30        		.byte	48
 403 017c 00        		.byte	0
 404 017d 00        		.byte	0
 405 017e 00        		.byte	0
 406 017f 00        		.byte	0
 407 0180 00        		.byte	0
 408 0181 00        		.byte	0
 409 0182 00        		.byte	0
 410 0183 3C        		.byte	60
 411 0184 66        		.byte	102
 412 0185 66        		.byte	102
 413 0186 76        		.byte	118
 414 0187 3C        		.byte	60
 415 0188 6E        		.byte	110
 416 0189 66        		.byte	102
 417 018a 66        		.byte	102
 418 018b 3C        		.byte	60
 419 018c 00        		.byte	0
 420 018d 00        		.byte	0
 421 018e 00        		.byte	0
 422 018f 00        		.byte	0
 423 0190 00        		.byte	0
 424 0191 00        		.byte	0
 425 0192 00        		.byte	0
 426 0193 3C        		.byte	60
 427 0194 66        		.byte	102
 428 0195 66        		.byte	102
 429 0196 66        		.byte	102
 430 0197 66        		.byte	102
 431 0198 3E        		.byte	62
 432 0199 0C        		.byte	12
 433 019a 18        		.byte	24
 434 019b 38        		.byte	56
 435 019c 00        		.byte	0
 436 019d 00        		.byte	0
 437 019e 00        		.byte	0
 438 019f 00        		.byte	0
 439 01a0 00        		.byte	0
 440 01a1 00        		.byte	0
 441 01a2 00        		.byte	0
 442 01a3 00        		.byte	0
 443 01a4 00        		.byte	0
 444 01a5 1C        		.byte	28
 445 01a6 1C        		.byte	28
 446 01a7 00        		.byte	0
 447 01a8 00        		.byte	0
 448 01a9 00        		.byte	0
 449 01aa 1C        		.byte	28
 450 01ab 1C        		.byte	28
 451 01ac 00        		.byte	0
 452 01ad 00        		.byte	0
 453 01ae 00        		.byte	0
 454 01af 00        		.byte	0
 455 01b0 00        		.byte	0
 456 01b1 00        		.byte	0
 457 01b2 00        		.byte	0
 458 01b3 00        		.byte	0
 459 01b4 00        		.byte	0
 460 01b5 1C        		.byte	28
 461 01b6 1C        		.byte	28
 462 01b7 00        		.byte	0
 463 01b8 00        		.byte	0
 464 01b9 00        		.byte	0
 465 01ba 1C        		.byte	28
 466 01bb 1C        		.byte	28
 467 01bc 0C        		.byte	12
 468 01bd 18        		.byte	24
 469 01be 00        		.byte	0
 470 01bf 00        		.byte	0
 471 01c0 00        		.byte	0
 472 01c1 00        		.byte	0
 473 01c2 00        		.byte	0
 474 01c3 06        		.byte	6
 475 01c4 0C        		.byte	12
 476 01c5 18        		.byte	24
 477 01c6 30        		.byte	48
 478 01c7 60        		.byte	96
 479 01c8 30        		.byte	48
 480 01c9 18        		.byte	24
 481 01ca 0C        		.byte	12
 482 01cb 06        		.byte	6
 483 01cc 00        		.byte	0
 484 01cd 00        		.byte	0
 485 01ce 00        		.byte	0
 486 01cf 00        		.byte	0
 487 01d0 00        		.byte	0
 488 01d1 00        		.byte	0
 489 01d2 00        		.byte	0
 490 01d3 00        		.byte	0
 491 01d4 00        		.byte	0
 492 01d5 00        		.byte	0
 493 01d6 7E        		.byte	126
 494 01d7 00        		.byte	0
 495 01d8 7E        		.byte	126
 496 01d9 00        		.byte	0
 497 01da 00        		.byte	0
 498 01db 00        		.byte	0
 499 01dc 00        		.byte	0
 500 01dd 00        		.byte	0
 501 01de 00        		.byte	0
 502 01df 00        		.byte	0
 503 01e0 00        		.byte	0
 504 01e1 00        		.byte	0
 505 01e2 00        		.byte	0
 506 01e3 60        		.byte	96
 507 01e4 30        		.byte	48
 508 01e5 18        		.byte	24
 509 01e6 0C        		.byte	12
 510 01e7 06        		.byte	6
 511 01e8 0C        		.byte	12
 512 01e9 18        		.byte	24
 513 01ea 30        		.byte	48
 514 01eb 60        		.byte	96
 515 01ec 00        		.byte	0
 516 01ed 00        		.byte	0
 517 01ee 00        		.byte	0
 518 01ef 00        		.byte	0
 519 01f0 00        		.byte	0
 520 01f1 00        		.byte	0
 521 01f2 00        		.byte	0
 522 01f3 3C        		.byte	60
 523 01f4 66        		.byte	102
 524 01f5 66        		.byte	102
 525 01f6 0C        		.byte	12
 526 01f7 18        		.byte	24
 527 01f8 18        		.byte	24
 528 01f9 00        		.byte	0
 529 01fa 18        		.byte	24
 530 01fb 18        		.byte	24
 531 01fc 00        		.byte	0
 532 01fd 00        		.byte	0
 533 01fe 00        		.byte	0
 534 01ff 00        		.byte	0
 535 0200 00        		.byte	0
 536 0201 00        		.byte	0
 537 0202 00        		.byte	0
 538 0203 7E        		.byte	126
 539 0204 C3        		.byte	-61
 540 0205 C3        		.byte	-61
 541 0206 CF        		.byte	-49
 542 0207 DB        		.byte	-37
 543 0208 DB        		.byte	-37
 544 0209 CF        		.byte	-49
 545 020a C0        		.byte	-64
 546 020b 7F        		.byte	127
 547 020c 00        		.byte	0
 548 020d 00        		.byte	0
 549 020e 00        		.byte	0
 550 020f 00        		.byte	0
 551 0210 00        		.byte	0
 552 0211 00        		.byte	0
 553 0212 00        		.byte	0
 554 0213 18        		.byte	24
 555 0214 3C        		.byte	60
 556 0215 66        		.byte	102
 557 0216 66        		.byte	102
 558 0217 66        		.byte	102
 559 0218 7E        		.byte	126
 560 0219 66        		.byte	102
 561 021a 66        		.byte	102
 562 021b 66        		.byte	102
 563 021c 00        		.byte	0
 564 021d 00        		.byte	0
 565 021e 00        		.byte	0
 566 021f 00        		.byte	0
 567 0220 00        		.byte	0
 568 0221 00        		.byte	0
 569 0222 00        		.byte	0
 570 0223 7C        		.byte	124
 571 0224 66        		.byte	102
 572 0225 66        		.byte	102
 573 0226 66        		.byte	102
 574 0227 7C        		.byte	124
 575 0228 66        		.byte	102
 576 0229 66        		.byte	102
 577 022a 66        		.byte	102
 578 022b 7C        		.byte	124
 579 022c 00        		.byte	0
 580 022d 00        		.byte	0
 581 022e 00        		.byte	0
 582 022f 00        		.byte	0
 583 0230 00        		.byte	0
 584 0231 00        		.byte	0
 585 0232 00        		.byte	0
 586 0233 3C        		.byte	60
 587 0234 66        		.byte	102
 588 0235 66        		.byte	102
 589 0236 60        		.byte	96
 590 0237 60        		.byte	96
 591 0238 60        		.byte	96
 592 0239 66        		.byte	102
 593 023a 66        		.byte	102
 594 023b 3C        		.byte	60
 595 023c 00        		.byte	0
 596 023d 00        		.byte	0
 597 023e 00        		.byte	0
 598 023f 00        		.byte	0
 599 0240 00        		.byte	0
 600 0241 00        		.byte	0
 601 0242 00        		.byte	0
 602 0243 78        		.byte	120
 603 0244 6C        		.byte	108
 604 0245 66        		.byte	102
 605 0246 66        		.byte	102
 606 0247 66        		.byte	102
 607 0248 66        		.byte	102
 608 0249 66        		.byte	102
 609 024a 6C        		.byte	108
 610 024b 78        		.byte	120
 611 024c 00        		.byte	0
 612 024d 00        		.byte	0
 613 024e 00        		.byte	0
 614 024f 00        		.byte	0
 615 0250 00        		.byte	0
 616 0251 00        		.byte	0
 617 0252 00        		.byte	0
 618 0253 7E        		.byte	126
 619 0254 60        		.byte	96
 620 0255 60        		.byte	96
 621 0256 60        		.byte	96
 622 0257 7C        		.byte	124
 623 0258 60        		.byte	96
 624 0259 60        		.byte	96
 625 025a 60        		.byte	96
 626 025b 7E        		.byte	126
 627 025c 00        		.byte	0
 628 025d 00        		.byte	0
 629 025e 00        		.byte	0
 630 025f 00        		.byte	0
 631 0260 00        		.byte	0
 632 0261 00        		.byte	0
 633 0262 00        		.byte	0
 634 0263 7E        		.byte	126
 635 0264 60        		.byte	96
 636 0265 60        		.byte	96
 637 0266 60        		.byte	96
 638 0267 7C        		.byte	124
 639 0268 60        		.byte	96
 640 0269 60        		.byte	96
 641 026a 60        		.byte	96
 642 026b 60        		.byte	96
 643 026c 00        		.byte	0
 644 026d 00        		.byte	0
 645 026e 00        		.byte	0
 646 026f 00        		.byte	0
 647 0270 00        		.byte	0
 648 0271 00        		.byte	0
 649 0272 00        		.byte	0
 650 0273 3C        		.byte	60
 651 0274 66        		.byte	102
 652 0275 66        		.byte	102
 653 0276 60        		.byte	96
 654 0277 60        		.byte	96
 655 0278 6E        		.byte	110
 656 0279 66        		.byte	102
 657 027a 66        		.byte	102
 658 027b 3E        		.byte	62
 659 027c 00        		.byte	0
 660 027d 00        		.byte	0
 661 027e 00        		.byte	0
 662 027f 00        		.byte	0
 663 0280 00        		.byte	0
 664 0281 00        		.byte	0
 665 0282 00        		.byte	0
 666 0283 66        		.byte	102
 667 0284 66        		.byte	102
 668 0285 66        		.byte	102
 669 0286 66        		.byte	102
 670 0287 7E        		.byte	126
 671 0288 66        		.byte	102
 672 0289 66        		.byte	102
 673 028a 66        		.byte	102
 674 028b 66        		.byte	102
 675 028c 00        		.byte	0
 676 028d 00        		.byte	0
 677 028e 00        		.byte	0
 678 028f 00        		.byte	0
 679 0290 00        		.byte	0
 680 0291 00        		.byte	0
 681 0292 00        		.byte	0
 682 0293 3C        		.byte	60
 683 0294 18        		.byte	24
 684 0295 18        		.byte	24
 685 0296 18        		.byte	24
 686 0297 18        		.byte	24
 687 0298 18        		.byte	24
 688 0299 18        		.byte	24
 689 029a 18        		.byte	24
 690 029b 3C        		.byte	60
 691 029c 00        		.byte	0
 692 029d 00        		.byte	0
 693 029e 00        		.byte	0
 694 029f 00        		.byte	0
 695 02a0 00        		.byte	0
 696 02a1 00        		.byte	0
 697 02a2 1E        		.byte	30
 698 02a3 0C        		.byte	12
 699 02a4 0C        		.byte	12
 700 02a5 0C        		.byte	12
 701 02a6 0C        		.byte	12
 702 02a7 0C        		.byte	12
 703 02a8 CC        		.byte	-52
 704 02a9 CC        		.byte	-52
 705 02aa CC        		.byte	-52
 706 02ab 78        		.byte	120
 707 02ac 00        		.byte	0
 708 02ad 00        		.byte	0
 709 02ae 00        		.byte	0
 710 02af 00        		.byte	0
 711 02b0 00        		.byte	0
 712 02b1 00        		.byte	0
 713 02b2 00        		.byte	0
 714 02b3 66        		.byte	102
 715 02b4 66        		.byte	102
 716 02b5 6C        		.byte	108
 717 02b6 6C        		.byte	108
 718 02b7 78        		.byte	120
 719 02b8 6C        		.byte	108
 720 02b9 6C        		.byte	108
 721 02ba 66        		.byte	102
 722 02bb 66        		.byte	102
 723 02bc 00        		.byte	0
 724 02bd 00        		.byte	0
 725 02be 00        		.byte	0
 726 02bf 00        		.byte	0
 727 02c0 00        		.byte	0
 728 02c1 00        		.byte	0
 729 02c2 00        		.byte	0
 730 02c3 60        		.byte	96
 731 02c4 60        		.byte	96
 732 02c5 60        		.byte	96
 733 02c6 60        		.byte	96
 734 02c7 60        		.byte	96
 735 02c8 60        		.byte	96
 736 02c9 60        		.byte	96
 737 02ca 60        		.byte	96
 738 02cb 7E        		.byte	126
 739 02cc 00        		.byte	0
 740 02cd 00        		.byte	0
 741 02ce 00        		.byte	0
 742 02cf 00        		.byte	0
 743 02d0 00        		.byte	0
 744 02d1 00        		.byte	0
 745 02d2 00        		.byte	0
 746 02d3 63        		.byte	99
 747 02d4 63        		.byte	99
 748 02d5 77        		.byte	119
 749 02d6 6B        		.byte	107
 750 02d7 6B        		.byte	107
 751 02d8 6B        		.byte	107
 752 02d9 63        		.byte	99
 753 02da 63        		.byte	99
 754 02db 63        		.byte	99
 755 02dc 00        		.byte	0
 756 02dd 00        		.byte	0
 757 02de 00        		.byte	0
 758 02df 00        		.byte	0
 759 02e0 00        		.byte	0
 760 02e1 00        		.byte	0
 761 02e2 00        		.byte	0
 762 02e3 63        		.byte	99
 763 02e4 63        		.byte	99
 764 02e5 73        		.byte	115
 765 02e6 7B        		.byte	123
 766 02e7 6F        		.byte	111
 767 02e8 67        		.byte	103
 768 02e9 63        		.byte	99
 769 02ea 63        		.byte	99
 770 02eb 63        		.byte	99
 771 02ec 00        		.byte	0
 772 02ed 00        		.byte	0
 773 02ee 00        		.byte	0
 774 02ef 00        		.byte	0
 775 02f0 00        		.byte	0
 776 02f1 00        		.byte	0
 777 02f2 00        		.byte	0
 778 02f3 3C        		.byte	60
 779 02f4 66        		.byte	102
 780 02f5 66        		.byte	102
 781 02f6 66        		.byte	102
 782 02f7 66        		.byte	102
 783 02f8 66        		.byte	102
 784 02f9 66        		.byte	102
 785 02fa 66        		.byte	102
 786 02fb 3C        		.byte	60
 787 02fc 00        		.byte	0
 788 02fd 00        		.byte	0
 789 02fe 00        		.byte	0
 790 02ff 00        		.byte	0
 791 0300 00        		.byte	0
 792 0301 00        		.byte	0
 793 0302 00        		.byte	0
 794 0303 7C        		.byte	124
 795 0304 66        		.byte	102
 796 0305 66        		.byte	102
 797 0306 66        		.byte	102
 798 0307 7C        		.byte	124
 799 0308 60        		.byte	96
 800 0309 60        		.byte	96
 801 030a 60        		.byte	96
 802 030b 60        		.byte	96
 803 030c 00        		.byte	0
 804 030d 00        		.byte	0
 805 030e 00        		.byte	0
 806 030f 00        		.byte	0
 807 0310 00        		.byte	0
 808 0311 00        		.byte	0
 809 0312 00        		.byte	0
 810 0313 3C        		.byte	60
 811 0314 66        		.byte	102
 812 0315 66        		.byte	102
 813 0316 66        		.byte	102
 814 0317 66        		.byte	102
 815 0318 66        		.byte	102
 816 0319 66        		.byte	102
 817 031a 66        		.byte	102
 818 031b 3C        		.byte	60
 819 031c 0C        		.byte	12
 820 031d 06        		.byte	6
 821 031e 00        		.byte	0
 822 031f 00        		.byte	0
 823 0320 00        		.byte	0
 824 0321 00        		.byte	0
 825 0322 00        		.byte	0
 826 0323 7C        		.byte	124
 827 0324 66        		.byte	102
 828 0325 66        		.byte	102
 829 0326 66        		.byte	102
 830 0327 7C        		.byte	124
 831 0328 6C        		.byte	108
 832 0329 66        		.byte	102
 833 032a 66        		.byte	102
 834 032b 66        		.byte	102
 835 032c 00        		.byte	0
 836 032d 00        		.byte	0
 837 032e 00        		.byte	0
 838 032f 00        		.byte	0
 839 0330 00        		.byte	0
 840 0331 00        		.byte	0
 841 0332 00        		.byte	0
 842 0333 3C        		.byte	60
 843 0334 66        		.byte	102
 844 0335 60        		.byte	96
 845 0336 30        		.byte	48
 846 0337 18        		.byte	24
 847 0338 0C        		.byte	12
 848 0339 06        		.byte	6
 849 033a 66        		.byte	102
 850 033b 3C        		.byte	60
 851 033c 00        		.byte	0
 852 033d 00        		.byte	0
 853 033e 00        		.byte	0
 854 033f 00        		.byte	0
 855 0340 00        		.byte	0
 856 0341 00        		.byte	0
 857 0342 00        		.byte	0
 858 0343 7E        		.byte	126
 859 0344 18        		.byte	24
 860 0345 18        		.byte	24
 861 0346 18        		.byte	24
 862 0347 18        		.byte	24
 863 0348 18        		.byte	24
 864 0349 18        		.byte	24
 865 034a 18        		.byte	24
 866 034b 18        		.byte	24
 867 034c 00        		.byte	0
 868 034d 00        		.byte	0
 869 034e 00        		.byte	0
 870 034f 00        		.byte	0
 871 0350 00        		.byte	0
 872 0351 00        		.byte	0
 873 0352 00        		.byte	0
 874 0353 66        		.byte	102
 875 0354 66        		.byte	102
 876 0355 66        		.byte	102
 877 0356 66        		.byte	102
 878 0357 66        		.byte	102
 879 0358 66        		.byte	102
 880 0359 66        		.byte	102
 881 035a 66        		.byte	102
 882 035b 3C        		.byte	60
 883 035c 00        		.byte	0
 884 035d 00        		.byte	0
 885 035e 00        		.byte	0
 886 035f 00        		.byte	0
 887 0360 00        		.byte	0
 888 0361 00        		.byte	0
 889 0362 00        		.byte	0
 890 0363 66        		.byte	102
 891 0364 66        		.byte	102
 892 0365 66        		.byte	102
 893 0366 66        		.byte	102
 894 0367 66        		.byte	102
 895 0368 66        		.byte	102
 896 0369 66        		.byte	102
 897 036a 3C        		.byte	60
 898 036b 18        		.byte	24
 899 036c 00        		.byte	0
 900 036d 00        		.byte	0
 901 036e 00        		.byte	0
 902 036f 00        		.byte	0
 903 0370 00        		.byte	0
 904 0371 00        		.byte	0
 905 0372 00        		.byte	0
 906 0373 63        		.byte	99
 907 0374 63        		.byte	99
 908 0375 63        		.byte	99
 909 0376 6B        		.byte	107
 910 0377 6B        		.byte	107
 911 0378 6B        		.byte	107
 912 0379 36        		.byte	54
 913 037a 36        		.byte	54
 914 037b 36        		.byte	54
 915 037c 00        		.byte	0
 916 037d 00        		.byte	0
 917 037e 00        		.byte	0
 918 037f 00        		.byte	0
 919 0380 00        		.byte	0
 920 0381 00        		.byte	0
 921 0382 00        		.byte	0
 922 0383 66        		.byte	102
 923 0384 66        		.byte	102
 924 0385 34        		.byte	52
 925 0386 18        		.byte	24
 926 0387 18        		.byte	24
 927 0388 2C        		.byte	44
 928 0389 66        		.byte	102
 929 038a 66        		.byte	102
 930 038b 66        		.byte	102
 931 038c 00        		.byte	0
 932 038d 00        		.byte	0
 933 038e 00        		.byte	0
 934 038f 00        		.byte	0
 935 0390 00        		.byte	0
 936 0391 00        		.byte	0
 937 0392 00        		.byte	0
 938 0393 66        		.byte	102
 939 0394 66        		.byte	102
 940 0395 66        		.byte	102
 941 0396 66        		.byte	102
 942 0397 3C        		.byte	60
 943 0398 18        		.byte	24
 944 0399 18        		.byte	24
 945 039a 18        		.byte	24
 946 039b 18        		.byte	24
 947 039c 00        		.byte	0
 948 039d 00        		.byte	0
 949 039e 00        		.byte	0
 950 039f 00        		.byte	0
 951 03a0 00        		.byte	0
 952 03a1 00        		.byte	0
 953 03a2 00        		.byte	0
 954 03a3 7E        		.byte	126
 955 03a4 06        		.byte	6
 956 03a5 06        		.byte	6
 957 03a6 0C        		.byte	12
 958 03a7 18        		.byte	24
 959 03a8 30        		.byte	48
 960 03a9 60        		.byte	96
 961 03aa 60        		.byte	96
 962 03ab 7E        		.byte	126
 963 03ac 00        		.byte	0
 964 03ad 00        		.byte	0
 965 03ae 00        		.byte	0
 966 03af 00        		.byte	0
 967 03b0 00        		.byte	0
 968 03b1 00        		.byte	0
 969 03b2 00        		.byte	0
 970 03b3 3C        		.byte	60
 971 03b4 30        		.byte	48
 972 03b5 30        		.byte	48
 973 03b6 30        		.byte	48
 974 03b7 30        		.byte	48
 975 03b8 30        		.byte	48
 976 03b9 30        		.byte	48
 977 03ba 30        		.byte	48
 978 03bb 30        		.byte	48
 979 03bc 30        		.byte	48
 980 03bd 30        		.byte	48
 981 03be 3C        		.byte	60
 982 03bf 00        		.byte	0
 983 03c0 00        		.byte	0
 984 03c1 00        		.byte	0
 985 03c2 00        		.byte	0
 986 03c3 60        		.byte	96
 987 03c4 60        		.byte	96
 988 03c5 30        		.byte	48
 989 03c6 30        		.byte	48
 990 03c7 18        		.byte	24
 991 03c8 18        		.byte	24
 992 03c9 0C        		.byte	12
 993 03ca 0C        		.byte	12
 994 03cb 06        		.byte	6
 995 03cc 06        		.byte	6
 996 03cd 00        		.byte	0
 997 03ce 00        		.byte	0
 998 03cf 00        		.byte	0
 999 03d0 00        		.byte	0
 1000 03d1 00        		.byte	0
 1001 03d2 00        		.byte	0
 1002 03d3 3C        		.byte	60
 1003 03d4 0C        		.byte	12
 1004 03d5 0C        		.byte	12
 1005 03d6 0C        		.byte	12
 1006 03d7 0C        		.byte	12
 1007 03d8 0C        		.byte	12
 1008 03d9 0C        		.byte	12
 1009 03da 0C        		.byte	12
 1010 03db 0C        		.byte	12
 1011 03dc 0C        		.byte	12
 1012 03dd 0C        		.byte	12
 1013 03de 3C        		.byte	60
 1014 03df 00        		.byte	0
 1015 03e0 00        		.byte	0
 1016 03e1 18        		.byte	24
 1017 03e2 3C        		.byte	60
 1018 03e3 66        		.byte	102
 1019 03e4 00        		.byte	0
 1020 03e5 00        		.byte	0
 1021 03e6 00        		.byte	0
 1022 03e7 00        		.byte	0
 1023 03e8 00        		.byte	0
 1024 03e9 00        		.byte	0
 1025 03ea 00        		.byte	0
 1026 03eb 00        		.byte	0
 1027 03ec 00        		.byte	0
 1028 03ed 00        		.byte	0
 1029 03ee 00        		.byte	0
 1030 03ef 00        		.byte	0
 1031 03f0 00        		.byte	0
 1032 03f1 00        		.byte	0
 1033 03f2 00        		.byte	0
 1034 03f3 00        		.byte	0
 1035 03f4 00        		.byte	0
 1036 03f5 00        		.byte	0
 1037 03f6 00        		.byte	0
 1038 03f7 00        		.byte	0
 1039 03f8 00        		.byte	0
 1040 03f9 00        		.byte	0
 1041 03fa 00        		.byte	0
 1042 03fb 00        		.byte	0
 1043 03fc 00        		.byte	0
 1044 03fd 00        		.byte	0
 1045 03fe FF        		.byte	-1
 1046 03ff 00        		.byte	0
 1047 0400 00        		.byte	0
 1048 0401 38        		.byte	56
 1049 0402 18        		.byte	24
 1050 0403 0C        		.byte	12
 1051 0404 00        		.byte	0
 1052 0405 00        		.byte	0
 1053 0406 00        		.byte	0
 1054 0407 00        		.byte	0
 1055 0408 00        		.byte	0
 1056 0409 00        		.byte	0
 1057 040a 00        		.byte	0
 1058 040b 00        		.byte	0
 1059 040c 00        		.byte	0
 1060 040d 00        		.byte	0
 1061 040e 00        		.byte	0
 1062 040f 00        		.byte	0
 1063 0410 00        		.byte	0
 1064 0411 00        		.byte	0
 1065 0412 00        		.byte	0
 1066 0413 00        		.byte	0
 1067 0414 00        		.byte	0
 1068 0415 3C        		.byte	60
 1069 0416 06        		.byte	6
 1070 0417 06        		.byte	6
 1071 0418 3E        		.byte	62
 1072 0419 66        		.byte	102
 1073 041a 66        		.byte	102
 1074 041b 3E        		.byte	62
 1075 041c 00        		.byte	0
 1076 041d 00        		.byte	0
 1077 041e 00        		.byte	0
 1078 041f 00        		.byte	0
 1079 0420 00        		.byte	0
 1080 0421 00        		.byte	0
 1081 0422 00        		.byte	0
 1082 0423 60        		.byte	96
 1083 0424 60        		.byte	96
 1084 0425 7C        		.byte	124
 1085 0426 66        		.byte	102
 1086 0427 66        		.byte	102
 1087 0428 66        		.byte	102
 1088 0429 66        		.byte	102
 1089 042a 66        		.byte	102
 1090 042b 7C        		.byte	124
 1091 042c 00        		.byte	0
 1092 042d 00        		.byte	0
 1093 042e 00        		.byte	0
 1094 042f 00        		.byte	0
 1095 0430 00        		.byte	0
 1096 0431 00        		.byte	0
 1097 0432 00        		.byte	0
 1098 0433 00        		.byte	0
 1099 0434 00        		.byte	0
 1100 0435 3C        		.byte	60
 1101 0436 66        		.byte	102
 1102 0437 60        		.byte	96
 1103 0438 60        		.byte	96
 1104 0439 60        		.byte	96
 1105 043a 66        		.byte	102
 1106 043b 3C        		.byte	60
 1107 043c 00        		.byte	0
 1108 043d 00        		.byte	0
 1109 043e 00        		.byte	0
 1110 043f 00        		.byte	0
 1111 0440 00        		.byte	0
 1112 0441 00        		.byte	0
 1113 0442 00        		.byte	0
 1114 0443 06        		.byte	6
 1115 0444 06        		.byte	6
 1116 0445 3E        		.byte	62
 1117 0446 66        		.byte	102
 1118 0447 66        		.byte	102
 1119 0448 66        		.byte	102
 1120 0449 66        		.byte	102
 1121 044a 66        		.byte	102
 1122 044b 3E        		.byte	62
 1123 044c 00        		.byte	0
 1124 044d 00        		.byte	0
 1125 044e 00        		.byte	0
 1126 044f 00        		.byte	0
 1127 0450 00        		.byte	0
 1128 0451 00        		.byte	0
 1129 0452 00        		.byte	0
 1130 0453 00        		.byte	0
 1131 0454 00        		.byte	0
 1132 0455 3C        		.byte	60
 1133 0456 66        		.byte	102
 1134 0457 66        		.byte	102
 1135 0458 7E        		.byte	126
 1136 0459 60        		.byte	96
 1137 045a 60        		.byte	96
 1138 045b 3C        		.byte	60
 1139 045c 00        		.byte	0
 1140 045d 00        		.byte	0
 1141 045e 00        		.byte	0
 1142 045f 00        		.byte	0
 1143 0460 00        		.byte	0
 1144 0461 00        		.byte	0
 1145 0462 00        		.byte	0
 1146 0463 1E        		.byte	30
 1147 0464 30        		.byte	48
 1148 0465 30        		.byte	48
 1149 0466 30        		.byte	48
 1150 0467 7E        		.byte	126
 1151 0468 30        		.byte	48
 1152 0469 30        		.byte	48
 1153 046a 30        		.byte	48
 1154 046b 30        		.byte	48
 1155 046c 00        		.byte	0
 1156 046d 00        		.byte	0
 1157 046e 00        		.byte	0
 1158 046f 00        		.byte	0
 1159 0470 00        		.byte	0
 1160 0471 00        		.byte	0
 1161 0472 00        		.byte	0
 1162 0473 00        		.byte	0
 1163 0474 00        		.byte	0
 1164 0475 3E        		.byte	62
 1165 0476 66        		.byte	102
 1166 0477 66        		.byte	102
 1167 0478 66        		.byte	102
 1168 0479 66        		.byte	102
 1169 047a 66        		.byte	102
 1170 047b 3E        		.byte	62
 1171 047c 06        		.byte	6
 1172 047d 06        		.byte	6
 1173 047e 7C        		.byte	124
 1174 047f 00        		.byte	0
 1175 0480 00        		.byte	0
 1176 0481 00        		.byte	0
 1177 0482 00        		.byte	0
 1178 0483 60        		.byte	96
 1179 0484 60        		.byte	96
 1180 0485 7C        		.byte	124
 1181 0486 66        		.byte	102
 1182 0487 66        		.byte	102
 1183 0488 66        		.byte	102
 1184 0489 66        		.byte	102
 1185 048a 66        		.byte	102
 1186 048b 66        		.byte	102
 1187 048c 00        		.byte	0
 1188 048d 00        		.byte	0
 1189 048e 00        		.byte	0
 1190 048f 00        		.byte	0
 1191 0490 00        		.byte	0
 1192 0491 00        		.byte	0
 1193 0492 18        		.byte	24
 1194 0493 18        		.byte	24
 1195 0494 00        		.byte	0
 1196 0495 78        		.byte	120
 1197 0496 18        		.byte	24
 1198 0497 18        		.byte	24
 1199 0498 18        		.byte	24
 1200 0499 18        		.byte	24
 1201 049a 18        		.byte	24
 1202 049b 7E        		.byte	126
 1203 049c 00        		.byte	0
 1204 049d 00        		.byte	0
 1205 049e 00        		.byte	0
 1206 049f 00        		.byte	0
 1207 04a0 00        		.byte	0
 1208 04a1 00        		.byte	0
 1209 04a2 0C        		.byte	12
 1210 04a3 0C        		.byte	12
 1211 04a4 00        		.byte	0
 1212 04a5 3C        		.byte	60
 1213 04a6 0C        		.byte	12
 1214 04a7 0C        		.byte	12
 1215 04a8 0C        		.byte	12
 1216 04a9 0C        		.byte	12
 1217 04aa 0C        		.byte	12
 1218 04ab 0C        		.byte	12
 1219 04ac 0C        		.byte	12
 1220 04ad 0C        		.byte	12
 1221 04ae 78        		.byte	120
 1222 04af 00        		.byte	0
 1223 04b0 00        		.byte	0
 1224 04b1 00        		.byte	0
 1225 04b2 00        		.byte	0
 1226 04b3 60        		.byte	96
 1227 04b4 60        		.byte	96
 1228 04b5 66        		.byte	102
 1229 04b6 66        		.byte	102
 1230 04b7 6C        		.byte	108
 1231 04b8 78        		.byte	120
 1232 04b9 6C        		.byte	108
 1233 04ba 66        		.byte	102
 1234 04bb 66        		.byte	102
 1235 04bc 00        		.byte	0
 1236 04bd 00        		.byte	0
 1237 04be 00        		.byte	0
 1238 04bf 00        		.byte	0
 1239 04c0 00        		.byte	0
 1240 04c1 00        		.byte	0
 1241 04c2 00        		.byte	0
 1242 04c3 78        		.byte	120
 1243 04c4 18        		.byte	24
 1244 04c5 18        		.byte	24
 1245 04c6 18        		.byte	24
 1246 04c7 18        		.byte	24
 1247 04c8 18        		.byte	24
 1248 04c9 18        		.byte	24
 1249 04ca 18        		.byte	24
 1250 04cb 7E        		.byte	126
 1251 04cc 00        		.byte	0
 1252 04cd 00        		.byte	0
 1253 04ce 00        		.byte	0
 1254 04cf 00        		.byte	0
 1255 04d0 00        		.byte	0
 1256 04d1 00        		.byte	0
 1257 04d2 00        		.byte	0
 1258 04d3 00        		.byte	0
 1259 04d4 00        		.byte	0
 1260 04d5 7E        		.byte	126
 1261 04d6 6B        		.byte	107
 1262 04d7 6B        		.byte	107
 1263 04d8 6B        		.byte	107
 1264 04d9 6B        		.byte	107
 1265 04da 6B        		.byte	107
 1266 04db 63        		.byte	99
 1267 04dc 00        		.byte	0
 1268 04dd 00        		.byte	0
 1269 04de 00        		.byte	0
 1270 04df 00        		.byte	0
 1271 04e0 00        		.byte	0
 1272 04e1 00        		.byte	0
 1273 04e2 00        		.byte	0
 1274 04e3 00        		.byte	0
 1275 04e4 00        		.byte	0
 1276 04e5 7C        		.byte	124
 1277 04e6 66        		.byte	102
 1278 04e7 66        		.byte	102
 1279 04e8 66        		.byte	102
 1280 04e9 66        		.byte	102
 1281 04ea 66        		.byte	102
 1282 04eb 66        		.byte	102
 1283 04ec 00        		.byte	0
 1284 04ed 00        		.byte	0
 1285 04ee 00        		.byte	0
 1286 04ef 00        		.byte	0
 1287 04f0 00        		.byte	0
 1288 04f1 00        		.byte	0
 1289 04f2 00        		.byte	0
 1290 04f3 00        		.byte	0
 1291 04f4 00        		.byte	0
 1292 04f5 3C        		.byte	60
 1293 04f6 66        		.byte	102
 1294 04f7 66        		.byte	102
 1295 04f8 66        		.byte	102
 1296 04f9 66        		.byte	102
 1297 04fa 66        		.byte	102
 1298 04fb 3C        		.byte	60
 1299 04fc 00        		.byte	0
 1300 04fd 00        		.byte	0
 1301 04fe 00        		.byte	0
 1302 04ff 00        		.byte	0
 1303 0500 00        		.byte	0
 1304 0501 00        		.byte	0
 1305 0502 00        		.byte	0
 1306 0503 00        		.byte	0
 1307 0504 00        		.byte	0
 1308 0505 7C        		.byte	124
 1309 0506 66        		.byte	102
 1310 0507 66        		.byte	102
 1311 0508 66        		.byte	102
 1312 0509 66        		.byte	102
 1313 050a 66        		.byte	102
 1314 050b 7C        		.byte	124
 1315 050c 60        		.byte	96
 1316 050d 60        		.byte	96
 1317 050e 60        		.byte	96
 1318 050f 00        		.byte	0
 1319 0510 00        		.byte	0
 1320 0511 00        		.byte	0
 1321 0512 00        		.byte	0
 1322 0513 00        		.byte	0
 1323 0514 00        		.byte	0
 1324 0515 3E        		.byte	62
 1325 0516 66        		.byte	102
 1326 0517 66        		.byte	102
 1327 0518 66        		.byte	102
 1328 0519 66        		.byte	102
 1329 051a 66        		.byte	102
 1330 051b 3E        		.byte	62
 1331 051c 06        		.byte	6
 1332 051d 06        		.byte	6
 1333 051e 06        		.byte	6
 1334 051f 00        		.byte	0
 1335 0520 00        		.byte	0
 1336 0521 00        		.byte	0
 1337 0522 00        		.byte	0
 1338 0523 00        		.byte	0
 1339 0524 00        		.byte	0
 1340 0525 66        		.byte	102
 1341 0526 6E        		.byte	110
 1342 0527 70        		.byte	112
 1343 0528 60        		.byte	96
 1344 0529 60        		.byte	96
 1345 052a 60        		.byte	96
 1346 052b 60        		.byte	96
 1347 052c 00        		.byte	0
 1348 052d 00        		.byte	0
 1349 052e 00        		.byte	0
 1350 052f 00        		.byte	0
 1351 0530 00        		.byte	0
 1352 0531 00        		.byte	0
 1353 0532 00        		.byte	0
 1354 0533 00        		.byte	0
 1355 0534 00        		.byte	0
 1356 0535 3E        		.byte	62
 1357 0536 60        		.byte	96
 1358 0537 60        		.byte	96
 1359 0538 3C        		.byte	60
 1360 0539 06        		.byte	6
 1361 053a 06        		.byte	6
 1362 053b 7C        		.byte	124
 1363 053c 00        		.byte	0
 1364 053d 00        		.byte	0
 1365 053e 00        		.byte	0
 1366 053f 00        		.byte	0
 1367 0540 00        		.byte	0
 1368 0541 00        		.byte	0
 1369 0542 00        		.byte	0
 1370 0543 30        		.byte	48
 1371 0544 30        		.byte	48
 1372 0545 7E        		.byte	126
 1373 0546 30        		.byte	48
 1374 0547 30        		.byte	48
 1375 0548 30        		.byte	48
 1376 0549 30        		.byte	48
 1377 054a 30        		.byte	48
 1378 054b 1E        		.byte	30
 1379 054c 00        		.byte	0
 1380 054d 00        		.byte	0
 1381 054e 00        		.byte	0
 1382 054f 00        		.byte	0
 1383 0550 00        		.byte	0
 1384 0551 00        		.byte	0
 1385 0552 00        		.byte	0
 1386 0553 00        		.byte	0
 1387 0554 00        		.byte	0
 1388 0555 66        		.byte	102
 1389 0556 66        		.byte	102
 1390 0557 66        		.byte	102
 1391 0558 66        		.byte	102
 1392 0559 66        		.byte	102
 1393 055a 66        		.byte	102
 1394 055b 3E        		.byte	62
 1395 055c 00        		.byte	0
 1396 055d 00        		.byte	0
 1397 055e 00        		.byte	0
 1398 055f 00        		.byte	0
 1399 0560 00        		.byte	0
 1400 0561 00        		.byte	0
 1401 0562 00        		.byte	0
 1402 0563 00        		.byte	0
 1403 0564 00        		.byte	0
 1404 0565 66        		.byte	102
 1405 0566 66        		.byte	102
 1406 0567 66        		.byte	102
 1407 0568 66        		.byte	102
 1408 0569 66        		.byte	102
 1409 056a 3C        		.byte	60
 1410 056b 18        		.byte	24
 1411 056c 00        		.byte	0
 1412 056d 00        		.byte	0
 1413 056e 00        		.byte	0
 1414 056f 00        		.byte	0
 1415 0570 00        		.byte	0
 1416 0571 00        		.byte	0
 1417 0572 00        		.byte	0
 1418 0573 00        		.byte	0
 1419 0574 00        		.byte	0
 1420 0575 63        		.byte	99
 1421 0576 6B        		.byte	107
 1422 0577 6B        		.byte	107
 1423 0578 6B        		.byte	107
 1424 0579 6B        		.byte	107
 1425 057a 36        		.byte	54
 1426 057b 36        		.byte	54
 1427 057c 00        		.byte	0
 1428 057d 00        		.byte	0
 1429 057e 00        		.byte	0
 1430 057f 00        		.byte	0
 1431 0580 00        		.byte	0
 1432 0581 00        		.byte	0
 1433 0582 00        		.byte	0
 1434 0583 00        		.byte	0
 1435 0584 00        		.byte	0
 1436 0585 66        		.byte	102
 1437 0586 66        		.byte	102
 1438 0587 3C        		.byte	60
 1439 0588 18        		.byte	24
 1440 0589 3C        		.byte	60
 1441 058a 66        		.byte	102
 1442 058b 66        		.byte	102
 1443 058c 00        		.byte	0
 1444 058d 00        		.byte	0
 1445 058e 00        		.byte	0
 1446 058f 00        		.byte	0
 1447 0590 00        		.byte	0
 1448 0591 00        		.byte	0
 1449 0592 00        		.byte	0
 1450 0593 00        		.byte	0
 1451 0594 00        		.byte	0
 1452 0595 66        		.byte	102
 1453 0596 66        		.byte	102
 1454 0597 66        		.byte	102
 1455 0598 66        		.byte	102
 1456 0599 66        		.byte	102
 1457 059a 66        		.byte	102
 1458 059b 3C        		.byte	60
 1459 059c 0C        		.byte	12
 1460 059d 18        		.byte	24
 1461 059e F0        		.byte	-16
 1462 059f 00        		.byte	0
 1463 05a0 00        		.byte	0
 1464 05a1 00        		.byte	0
 1465 05a2 00        		.byte	0
 1466 05a3 00        		.byte	0
 1467 05a4 00        		.byte	0
 1468 05a5 7E        		.byte	126
 1469 05a6 06        		.byte	6
 1470 05a7 0C        		.byte	12
 1471 05a8 18        		.byte	24
 1472 05a9 30        		.byte	48
 1473 05aa 60        		.byte	96
 1474 05ab 7E        		.byte	126
 1475 05ac 00        		.byte	0
 1476 05ad 00        		.byte	0
 1477 05ae 00        		.byte	0
 1478 05af 00        		.byte	0
 1479 05b0 00        		.byte	0
 1480 05b1 00        		.byte	0
 1481 05b2 00        		.byte	0
 1482 05b3 0C        		.byte	12
 1483 05b4 18        		.byte	24
 1484 05b5 18        		.byte	24
 1485 05b6 18        		.byte	24
 1486 05b7 30        		.byte	48
 1487 05b8 60        		.byte	96
 1488 05b9 30        		.byte	48
 1489 05ba 18        		.byte	24
 1490 05bb 18        		.byte	24
 1491 05bc 18        		.byte	24
 1492 05bd 0C        		.byte	12
 1493 05be 00        		.byte	0
 1494 05bf 00        		.byte	0
 1495 05c0 00        		.byte	0
 1496 05c1 00        		.byte	0
 1497 05c2 00        		.byte	0
 1498 05c3 18        		.byte	24
 1499 05c4 18        		.byte	24
 1500 05c5 18        		.byte	24
 1501 05c6 18        		.byte	24
 1502 05c7 18        		.byte	24
 1503 05c8 18        		.byte	24
 1504 05c9 18        		.byte	24
 1505 05ca 18        		.byte	24
 1506 05cb 18        		.byte	24
 1507 05cc 18        		.byte	24
 1508 05cd 18        		.byte	24
 1509 05ce 18        		.byte	24
 1510 05cf 00        		.byte	0
 1511 05d0 00        		.byte	0
 1512 05d1 00        		.byte	0
 1513 05d2 00        		.byte	0
 1514 05d3 30        		.byte	48
 1515 05d4 18        		.byte	24
 1516 05d5 18        		.byte	24
 1517 05d6 18        		.byte	24
 1518 05d7 0C        		.byte	12
 1519 05d8 06        		.byte	6
 1520 05d9 0C        		.byte	12
 1521 05da 18        		.byte	24
 1522 05db 18        		.byte	24
 1523 05dc 18        		.byte	24
 1524 05dd 30        		.byte	48
 1525 05de 00        		.byte	0
 1526 05df 00        		.byte	0
 1527 05e0 00        		.byte	0
 1528 05e1 00        		.byte	0
 1529 05e2 00        		.byte	0
 1530 05e3 71        		.byte	113
 1531 05e4 DB        		.byte	-37
 1532 05e5 8E        		.byte	-114
 1533 05e6 00        		.byte	0
 1534 05e7 00        		.byte	0
 1535 05e8 00        		.byte	0
 1536 05e9 00        		.byte	0
 1537 05ea 00        		.byte	0
 1538 05eb 00        		.byte	0
 1539 05ec 00        		.byte	0
 1540 05ed 00        		.byte	0
 1541 05ee 00        		.byte	0
 1542 05ef 00        		.byte	0
 1543               		.text
 1544               	.global	delay_us
 1546               	delay_us:
 1547               	.LFB2:
 1548               	.LM1:
 1549               	/* prologue: frame size=0 */
 1550               	/* prologue end (size=0) */
 1551               	.L2:
 1552               	.LM2:
 1553 0000 0197      		sbiw r24、1
 1554 0002 2FEF      		ldi r18、hi8(-1)
 1555 0004 8F3F      		cpi r24、lo8(-1)
 1556 0006 9207      		cpc r25、r18
 1557 0008 D9F7      		brne .L2
 1558               	/* epilogue: frame size=0 */
 1559 000a 0895      		ret
 1560               	/* epilogue end (size=1) */
 1561               	/* function delay_us size 6 (5) */
 1562               	.LFE2:
 1564               	.global	delay_ms
 1566               	delay_ms:
 1567               	.LFB3:
 1568               	.LM3:
 1569               	/* prologue: frame size=0 */
 1570 000c CF93      		push r28
 1571 000e DF93      		push r29
 1572               	/* prologue end (size=2) */
 1573               	.LM4:
 1574 0010 EC01      		movw r28、r24
 1575 0012 2197      		sbiw r28、1
 1576 0014 8FEF      		ldi r24、hi8(-1)
 1577 0016 CF3F      		cpi r28、lo8(-1)
 1578 0018 D807      		cpc r29、r24
 1579 001a 49F0      		breq .L10
 1580               	.L8:
 1581               	.LM5:
 1582 001c 84E6      		ldi r24、lo8(100)
 1583 001e 90E0      		ldi r25、hi8(100)
 1584 0020 0E94 0000 		call delay_us
 1585 0024 2197      		sbiw r28、1
 1586 0026 8FEF      		ldi r24、hi8(-1)
 1587 0028 CF3F      		cpi r28、lo8(-1)
 1588 002a D807      		cpc r29、r24
 1589 002c B9F7      		brne .L8
 1590               	.L10:
 1591               	/* epilogue: frame size=0 */
 1592 002e DF91      		pop r29
 1593 0030 CF91      		pop r28
 1594 0032 0895      		ret
 1595               	/* epilogue end (size=3) */
 1596               	/* function delay_ms size 20 (15) */
 1597               	.LFE3:
 1599               	.global	LCD_WR_DATA16
 1601               	LCD_WR_DATA16:
 1602               	.LFB4:
 1603               	.LM6:
 1604               	/* prologue: frame size=0 */
 1605 0034 0F93      		push r16
 1606 0036 1F93      		push r17
 1607               	/* prologue end (size=2) */
 1608 0038 8C01      		movw r16、r24
 1609               	.LM7:
 1610 003a DF9A      		sbi 59-0x20、7
 1611               	.LM8:
 1612 003c DE9A      		sbi 59-0x20、6
 1613               	.LM9:
 1614 003e DD98      		cbi 59-0x20、5
 1615               	.LM10:
 1616 0040 812F      		mov r24、r17
 1617 0042 9927      		clr r25
 1618 0044 85BB      		out 53-0x20、r24
 1619               	.LM11:
 1620 0046 C39A      		sbi 56-0x20、3
 1621               	.LM12:
 1622 0048 81E0      		ldi r24、lo8(1)
 1623 004a 90E0      		ldi r25、hi8(1)
 1624 004c 0E94 0000 		call delay_us
 1625               	.LM13:
 1626 0050 C398      		cbi 56-0x20、3
 1627               	.LM14:
 1628 0052 05BB      		out 53-0x20、r16
 1629               	.LM15:
 1630 0054 C39A      		sbi 56-0x20、3
 1631               	.LM16:
 1632 0056 81E0      		ldi r24、lo8(1)
 1633 0058 90E0      		ldi r25、hi8(1)
 1634 005a 0E94 0000 		call delay_us
 1635               	.LM17:
 1636 005e 81E0      		ldi r24、lo8(1)
 1637 0060 90E0      		ldi r25、hi8(1)
 1638 0062 0E94 0000 		call delay_us
 1639               	.LM18:
 1640 0066 C398      		cbi 56-0x20、3
 1641               	.LM19:
 1642 0068 DD9A      		sbi 59-0x20、5
 1643               	/* epilogue: frame size=0 */
 1644 006a 1F91      		pop r17
 1645 006c 0F91      		pop r16
 1646 006e 0895      		ret
 1647               	/* epilogue end (size=3) */
 1648               	/* function LCD_WR_DATA16 size 30 (25) */
 1649               	.LFE4:
 1651               	.global	LCD_WR_REG16
 1653               	LCD_WR_REG16:
 1654               	.LFB5:
 1655               	.LM20:
 1656               	/* prologue: frame size=0 */
 1657 0070 0F93      		push r16
 1658 0072 1F93      		push r17
 1659               	/* prologue end (size=2) */
 1660 0074 8C01      		movw r16、r24
 1661               	.LM21:
 1662 0076 DF9A      		sbi 59-0x20、7
 1663               	.LM22:
 1664 0078 DE98      		cbi 59-0x20、6
 1665               	.LM23:
 1666 007a DD98      		cbi 59-0x20、5
 1667               	.LM24:
 1668 007c 812F      		mov r24、r17
 1669 007e 9927      		clr r25
 1670 0080 85BB      		out 53-0x20、r24
 1671               	.LM25:
 1672 0082 C39A      		sbi 56-0x20、3
 1673               	.LM26:
 1674 0084 81E0      		ldi r24、lo8(1)
 1675 0086 90E0      		ldi r25、hi8(1)
 1676 0088 0E94 0000 		call delay_us
 1677               	.LM27:
 1678 008c 81E0      		ldi r24、lo8(1)
 1679 008e 90E0      		ldi r25、hi8(1)
 1680 0090 0E94 0000 		call delay_us
 1681               	.LM28:
 1682 0094 C398      		cbi 56-0x20、3
 1683               	.LM29:
 1684 0096 05BB      		out 53-0x20、r16
 1685               	.LM30:
 1686 0098 C39A      		sbi 56-0x20、3
 1687               	.LM31:
 1688 009a 81E0      		ldi r24、lo8(1)
 1689 009c 90E0      		ldi r25、hi8(1)
 1690 009e 0E94 0000 		call delay_us
 1691               	.LM32:
 1692 00a2 81E0      		ldi r24、lo8(1)
 1693 00a4 90E0      		ldi r25、hi8(1)
 1694 00a6 0E94 0000 		call delay_us
 1695               	.LM33:
 1696 00aa C398      		cbi 56-0x20、3
 1697               	.LM34:
 1698 00ac DD9A      		sbi 59-0x20、5
 1699               	/* epilogue: frame size=0 */
 1700 00ae 1F91      		pop r17
 1701 00b0 0F91      		pop r16
 1702 00b2 0895      		ret
 1703               	/* epilogue end (size=3) */
 1704               	/* function LCD_WR_REG16 size 34 (29) */
 1705               	.LFE5:
 1707               	.global	LCD_WR_REG
 1709               	LCD_WR_REG:
 1710               	.LFB6:
 1711               	.LM35:
 1712               	/* prologue: frame size=0 */
 1713 00b4 0F93      		push r16
 1714 00b6 1F93      		push r17
 1715               	/* prologue end (size=2) */
 1716 00b8 8B01      		movw r16、r22
 1717               	.LM36:
 1718 00ba 0E94 0000 		call LCD_WR_REG16
 1719               	.LM37:
 1720 00be C801      		movw r24、r16
 1721 00c0 0E94 0000 		call LCD_WR_DATA16
 1722               	/* epilogue: frame size=0 */
 1723 00c4 1F91      		pop r17
 1724 00c6 0F91      		pop r16
 1725 00c8 0895      		ret
 1726               	/* epilogue end (size=3) */
 1727               	/* function LCD_WR_REG size 11 (6) */
 1728               	.LFE6:
 1730               	.global	LCD_Clear
 1732               	LCD_Clear:
 1733               	.LFB8:
 1734               	.LM38:
 1735               	/* prologue: frame size=0 */
 1736 00ca CF93      		push r28
 1737 00cc DF93      		push r29
 1738               	/* prologue end (size=2) */
 1739 00ce EC01      		movw r28、r24
 1740               	.LM39:
 1741 00d0 60E0      		ldi r22、lo8(0)
 1742 00d2 70E0      		ldi r23、hi8(0)
 1743 00d4 80E2      		ldi r24、lo8(32)
 1744 00d6 90E0      		ldi r25、hi8(32)
 1745 00d8 0E94 0000 		call LCD_WR_REG
 1746               	.LM40:
 1747 00dc 60E0      		ldi r22、lo8(0)
 1748 00de 70E0      		ldi r23、hi8(0)
 1749 00e0 81E2      		ldi r24、lo8(33)
 1750 00e2 90E0      		ldi r25、hi8(33)
 1751 00e4 0E94 0000 		call LCD_WR_REG
 1752               	.LM41:
 1753 00e8 60E0      		ldi r22、lo8(0)
 1754 00ea 70E0      		ldi r23、hi8(0)
 1755 00ec 80E5      		ldi r24、lo8(80)
 1756 00ee 90E0      		ldi r25、hi8(80)
 1757 00f0 0E94 0000 		call LCD_WR_REG
 1758               	.LM42:
 1759 00f4 6FEE      		ldi r22、lo8(239)
 1760 00f6 70E0      		ldi r23、hi8(239)
 1761 00f8 81E5      		ldi r24、lo8(81)
 1762 00fa 90E0      		ldi r25、hi8(81)
 1763 00fc 0E94 0000 		call LCD_WR_REG
 1764               	.LM43:
 1765 0100 60E0      		ldi r22、lo8(0)
 1766 0102 70E0      		ldi r23、hi8(0)
 1767 0104 82E5      		ldi r24、lo8(82)
 1768 0106 90E0      		ldi r25、hi8(82)
 1769 0108 0E94 0000 		call LCD_WR_REG
 1770               	.LM44:
 1771 010c 6FE3      		ldi r22、lo8(319)
 1772 010e 71E0      		ldi r23、hi8(319)
 1773 0110 83E5      		ldi r24、lo8(83)
 1774 0112 90E0      		ldi r25、hi8(83)
 1775 0114 0E94 0000 		call LCD_WR_REG
 1776               	.LM45:
 1777 0118 82E2      		ldi r24、lo8(34)
 1778 011a 90E0      		ldi r25、hi8(34)
 1779 011c 0E94 0000 		call LCD_WR_REG16
 1780               	.LM46:
 1781 0120 DF9A      		sbi 59-0x20、7
 1782               	.LM47:
 1783 0122 DE9A      		sbi 59-0x20、6
 1784               	.LM48:
 1785 0124 DD98      		cbi 59-0x20、5
 1786 0126 2D2F      		mov r18、r29
 1787 0128 3327      		clr r19
 1788 012a 8FEF      		ldi r24、lo8(76799)
 1789 012c 9BE2      		ldi r25、hi8(76799)
 1790 012e A1E0      		ldi r26、hlo8(76799)
 1791 0130 B0E0      		ldi r27、hhi8(76799)
 1792               	.L18:
 1793               	.LM49:
 1794 0132 C39A      		sbi 56-0x20、3
 1795               	.LM50:
 1796 0134 25BB      		out 53-0x20、r18
 1797               	.LM51:
 1798 0136 C398      		cbi 56-0x20、3
 1799               	.LM52:
 1800 0138 C39A      		sbi 56-0x20、3
 1801               	.LM53:
 1802 013a C5BB      		out 53-0x20、r28
 1803               	.LM54:
 1804 013c C398      		cbi 56-0x20、3
 1805               	.LM55:
 1806 013e 0197      		sbiw r24、1
 1807 0140 A109      		sbc r26、__zero_reg__
 1808 0142 B109      		sbc r27、__zero_reg__
 1809 0144 B7FF      		sbrs r27、7
 1810 0146 F5CF      		rjmp .L18
 1811               	.LM56:
 1812 0148 DD9A      		sbi 59-0x20、5
 1813               	/* epilogue: frame size=0 */
 1814 014a DF91      		pop r29
 1815 014c CF91      		pop r28
 1816 014e 0895      		ret
 1817               	/* epilogue end (size=3) */
 1818               	/* function LCD_Clear size 67 (62) */
 1819               	.LFE8:
 1821               	.global	LCD_Init
 1823               	LCD_Init:
 1824               	.LFB7:
 1825               	.LM57:
 1826               	/* prologue: frame size=0 */
 1827               	/* prologue end (size=0) */
 1828               	.LM58:
 1829 0150 8F9A      		sbi 49-0x20、7
 1830 0152 D59A      		sbi 58-0x20、5
 1831 0154 D69A      		sbi 58-0x20、6
 1832 0156 BB9A      		sbi 55-0x20、3
 1833 0158 D79A      		sbi 58-0x20、7
 1834 015a 8C9A      		sbi 49-0x20、4
 1835               	.LM59:
 1836 015c 9498      		cbi 50-0x20、4
 1837               	.LM60:
 1838 015e 80ED      		ldi r24、lo8(2000)
 1839 0160 97E0      		ldi r25、hi8(2000)
 1840 0162 0E94 0000 		call delay_ms
 1841               	.LM61:
 1842 0166 949A      		sbi 50-0x20、4
 1843               	.LM62:
 1844 0168 60E0      		ldi r22、lo8(-32768)
 1845 016a 70E8      		ldi r23、hi8(-32768)
 1846 016c 85EE      		ldi r24、lo8(229)
 1847 016e 90E0      		ldi r25、hi8(229)
 1848 0170 0E94 0000 		call LCD_WR_REG
 1849               	.LM63:
 1850 0174 61E0      		ldi r22、lo8(1)
 1851 0176 70E0      		ldi r23、hi8(1)
 1852 0178 80E0      		ldi r24、lo8(0)
 1853 017a 90E0      		ldi r25、hi8(0)
 1854 017c 0E94 0000 		call LCD_WR_REG
 1855               	.LM64:
 1856 0180 88EC      		ldi r24、lo8(200)
 1857 0182 90E0      		ldi r25、hi8(200)
 1858 0184 0E94 0000 		call delay_ms
 1859               	.LM65:
 1860 0188 60E0      		ldi r22、lo8(0)
 1861 018a 70E0      		ldi r23、hi8(0)
 1862 018c 81E0      		ldi r24、lo8(1)
 1863 018e 90E0      		ldi r25、hi8(1)
 1864 0190 0E94 0000 		call LCD_WR_REG
 1865               	.LM66:
 1866 0194 60E0      		ldi r22、lo8(1792)
 1867 0196 77E0      		ldi r23、hi8(1792)
 1868 0198 82E0      		ldi r24、lo8(2)
 1869 019a 90E0      		ldi r25、hi8(2)
 1870 019c 0E94 0000 		call LCD_WR_REG
 1871               	.LM67:
 1872 01a0 68E1      		ldi r22、lo8(4120)
 1873 01a2 70E1      		ldi r23、hi8(4120)
 1874 01a4 83E0      		ldi r24、lo8(3)
 1875 01a6 90E0      		ldi r25、hi8(3)
 1876 01a8 0E94 0000 		call LCD_WR_REG
 1877               	.LM68:
 1878 01ac 60E0      		ldi r22、lo8(0)
 1879 01ae 70E0      		ldi r23、hi8(0)
 1880 01b0 84E0      		ldi r24、lo8(4)
 1881 01b2 90E0      		ldi r25、hi8(4)
 1882 01b4 0E94 0000 		call LCD_WR_REG
 1883               	.LM69:
 1884 01b8 64E0      		ldi r22、lo8(1028)
 1885 01ba 74E0      		ldi r23、hi8(1028)
 1886 01bc 88E0      		ldi r24、lo8(8)
 1887 01be 90E0      		ldi r25、hi8(8)
 1888 01c0 0E94 0000 		call LCD_WR_REG
 1889               	.LM70:
 1890 01c4 60E0      		ldi r22、lo8(0)
 1891 01c6 70E0      		ldi r23、hi8(0)
 1892 01c8 89E0      		ldi r24、lo8(9)
 1893 01ca 90E0      		ldi r25、hi8(9)
 1894 01cc 0E94 0000 		call LCD_WR_REG
 1895               	.LM71:
 1896 01d0 60E0      		ldi r22、lo8(0)
 1897 01d2 70E0      		ldi r23、hi8(0)
 1898 01d4 8AE0      		ldi r24、lo8(10)
 1899 01d6 90E0      		ldi r25、hi8(10)
 1900 01d8 0E94 0000 		call LCD_WR_REG
 1901               	.LM72:
 1902 01dc 60E0      		ldi r22、lo8(0)
 1903 01de 70E0      		ldi r23、hi8(0)
 1904 01e0 8CE0      		ldi r24、lo8(12)
 1905 01e2 90E0      		ldi r25、hi8(12)
 1906 01e4 0E94 0000 		call LCD_WR_REG
 1907               	.LM73:
 1908 01e8 60E0      		ldi r22、lo8(0)
 1909 01ea 70E0      		ldi r23、hi8(0)
 1910 01ec 8DE0      		ldi r24、lo8(13)
 1911 01ee 90E0      		ldi r25、hi8(13)
 1912 01f0 0E94 0000 		call LCD_WR_REG
 1913               	.LM74:
 1914 01f4 60E0      		ldi r22、lo8(0)
 1915 01f6 70E0      		ldi r23、hi8(0)
 1916 01f8 8FE0      		ldi r24、lo8(15)
 1917 01fa 90E0      		ldi r25、hi8(15)
 1918 01fc 0E94 0000 		call LCD_WR_REG
 1919               	.LM75:
 1920 0200 60E0      		ldi r22、lo8(0)
 1921 0202 70E0      		ldi r23、hi8(0)
 1922 0204 80E1      		ldi r24、lo8(16)
 1923 0206 90E0      		ldi r25、hi8(16)
 1924 0208 0E94 0000 		call LCD_WR_REG
 1925               	.LM76:
 1926 020c 60E0      		ldi r22、lo8(0)
 1927 020e 70E0      		ldi r23、hi8(0)
 1928 0210 81E1      		ldi r24、lo8(17)
 1929 0212 90E0      		ldi r25、hi8(17)
 1930 0214 0E94 0000 		call LCD_WR_REG
 1931               	.LM77:
 1932 0218 60E0      		ldi r22、lo8(0)
 1933 021a 70E0      		ldi r23、hi8(0)
 1934 021c 82E1      		ldi r24、lo8(18)
 1935 021e 90E0      		ldi r25、hi8(18)
 1936 0220 0E94 0000 		call LCD_WR_REG
 1937               	.LM78:
 1938 0224 60E0      		ldi r22、lo8(0)
 1939 0226 70E0      		ldi r23、hi8(0)
 1940 0228 83E1      		ldi r24、lo8(19)
 1941 022a 90E0      		ldi r25、hi8(19)
 1942 022c 0E94 0000 		call LCD_WR_REG
 1943               	.LM79:
 1944 0230 88EE      		ldi r24、lo8(1000)
 1945 0232 93E0      		ldi r25、hi8(1000)
 1946 0234 0E94 0000 		call delay_ms
 1947               	.LM80:
 1948 0238 60E9      		ldi r22、lo8(5520)
 1949 023a 75E1      		ldi r23、hi8(5520)
 1950 023c 80E1      		ldi r24、lo8(16)
 1951 023e 90E0      		ldi r25、hi8(16)
 1952 0240 0E94 0000 		call LCD_WR_REG
 1953               	.LM81:
 1954 0244 67E3      		ldi r22、lo8(823)
 1955 0246 73E0      		ldi r23、hi8(823)
 1956 0248 81E1      		ldi r24、lo8(17)
 1957 024a 90E0      		ldi r25、hi8(17)
 1958 024c 0E94 0000 		call LCD_WR_REG
 1959               	.LM82:
 1960 0250 88EE      		ldi r24、lo8(1000)
 1961 0252 93E0      		ldi r25、hi8(1000)
 1962 0254 0E94 0000 		call delay_ms
 1963               	.LM83:
 1964 0258 68E2      		ldi r22、lo8(40)
 1965 025a 70E0      		ldi r23、hi8(40)
 1966 025c 82E1      		ldi r24、lo8(18)
 1967 025e 90E0      		ldi r25、hi8(18)
 1968 0260 0E94 0000 		call LCD_WR_REG
 1969               	.LM84:
 1970 0264 88EE      		ldi r24、lo8(1000)
 1971 0266 93E0      		ldi r25、hi8(1000)
 1972 0268 0E94 0000 		call delay_ms
 1973               	.LM85:
 1974 026c 60E0      		ldi r22、lo8(5632)
 1975 026e 76E1      		ldi r23、hi8(5632)
 1976 0270 83E1      		ldi r24、lo8(19)
 1977 0272 90E0      		ldi r25、hi8(19)
 1978 0274 0E94 0000 		call LCD_WR_REG
 1979               	.LM86:
 1980 0278 6AE2      		ldi r22、lo8(42)
 1981 027a 70E0      		ldi r23、hi8(42)
 1982 027c 89E2      		ldi r24、lo8(41)
 1983 027e 90E0      		ldi r25、hi8(41)
 1984 0280 0E94 0000 		call LCD_WR_REG
 1985               	.LM87:
 1986 0284 6DE0      		ldi r22、lo8(13)
 1987 0286 70E0      		ldi r23、hi8(13)
 1988 0288 8BE2      		ldi r24、lo8(43)
 1989 028a 90E0      		ldi r25、hi8(43)
 1990 028c 0E94 0000 		call LCD_WR_REG
 1991               	.LM88:
 1992 0290 88EE      		ldi r24、lo8(1000)
 1993 0292 93E0      		ldi r25、hi8(1000)
 1994 0294 0E94 0000 		call delay_ms
 1995               	.LM89:
 1996 0298 60E0      		ldi r22、lo8(0)
 1997 029a 70E0      		ldi r23、hi8(0)
 1998 029c 80E2      		ldi r24、lo8(32)
 1999 029e 90E0      		ldi r25、hi8(32)
 2000 02a0 0E94 0000 		call LCD_WR_REG
 2001               	.LM90:
 2002 02a4 6FE3      		ldi r22、lo8(319)
 2003 02a6 71E0      		ldi r23、hi8(319)
 2004 02a8 81E2      		ldi r24、lo8(33)
 2005 02aa 90E0      		ldi r25、hi8(33)
 2006 02ac 0E94 0000 		call LCD_WR_REG
 2007               	.LM91:
 2008 02b0 61E0      		ldi r22、lo8(257)
 2009 02b2 71E0      		ldi r23、hi8(257)
 2010 02b4 80E3      		ldi r24、lo8(48)
 2011 02b6 90E0      		ldi r25、hi8(48)
 2012 02b8 0E94 0000 		call LCD_WR_REG
 2013               	.LM92:
 2014 02bc 66E0      		ldi r22、lo8(1286)
 2015 02be 75E0      		ldi r23、hi8(1286)
 2016 02c0 81E3      		ldi r24、lo8(49)
 2017 02c2 90E0      		ldi r25、hi8(49)
 2018 02c4 0E94 0000 		call LCD_WR_REG
 2019               	.LM93:
 2020 02c8 61E0      		ldi r22、lo8(257)
 2021 02ca 71E0      		ldi r23、hi8(257)
 2022 02cc 82E3      		ldi r24、lo8(50)
 2023 02ce 90E0      		ldi r25、hi8(50)
 2024 02d0 0E94 0000 		call LCD_WR_REG
 2025               	.LM94:
 2026 02d4 64E0      		ldi r22、lo8(516)
 2027 02d6 72E0      		ldi r23、hi8(516)
 2028 02d8 85E3      		ldi r24、lo8(53)
 2029 02da 90E0      		ldi r25、hi8(53)
 2030 02dc 0E94 0000 		call LCD_WR_REG
 2031               	.LM95:
 2032 02e0 67E0      		ldi r22、lo8(1799)
 2033 02e2 77E0      		ldi r23、hi8(1799)
 2034 02e4 86E3      		ldi r24、lo8(54)
 2035 02e6 90E0      		ldi r25、hi8(54)
 2036 02e8 0E94 0000 		call LCD_WR_REG
 2037               	.LM96:
 2038 02ec 67E0      		ldi r22、lo8(1799)
 2039 02ee 77E0      		ldi r23、hi8(1799)
 2040 02f0 87E3      		ldi r24、lo8(55)
 2041 02f2 90E0      		ldi r25、hi8(55)
 2042 02f4 0E94 0000 		call LCD_WR_REG
 2043               	.LM97:
 2044 02f8 66E0      		ldi r22、lo8(1030)
 2045 02fa 74E0      		ldi r23、hi8(1030)
 2046 02fc 88E3      		ldi r24、lo8(56)
 2047 02fe 90E0      		ldi r25、hi8(56)
 2048 0300 0E94 0000 		call LCD_WR_REG
 2049               	.LM98:
 2050 0304 67E0      		ldi r22、lo8(1799)
 2051 0306 77E0      		ldi r23、hi8(1799)
 2052 0308 89E3      		ldi r24、lo8(57)
 2053 030a 90E0      		ldi r25、hi8(57)
 2054 030c 0E94 0000 		call LCD_WR_REG
 2055               	.LM99:
 2056 0310 62E0      		ldi r22、lo8(1026)
 2057 0312 74E0      		ldi r23、hi8(1026)
 2058 0314 8CE3      		ldi r24、lo8(60)
 2059 0316 90E0      		ldi r25、hi8(60)
 2060 0318 0E94 0000 		call LCD_WR_REG
 2061               	.LM100:
 2062 031c 67E0      		ldi r22、lo8(1799)
 2063 031e 77E0      		ldi r23、hi8(1799)
 2064 0320 8DE3      		ldi r24、lo8(61)
 2065 0322 90E0      		ldi r25、hi8(61)
 2066 0324 0E94 0000 		call LCD_WR_REG
 2067               	.LM101:
 2068 0328 60E0      		ldi r22、lo8(0)
 2069 032a 70E0      		ldi r23、hi8(0)
 2070 032c 80E5      		ldi r24、lo8(80)
 2071 032e 90E0      		ldi r25、hi8(80)
 2072 0330 0E94 0000 		call LCD_WR_REG
 2073               	.LM102:
 2074 0334 6FEE      		ldi r22、lo8(239)
 2075 0336 70E0      		ldi r23、hi8(239)
 2076 0338 81E5      		ldi r24、lo8(81)
 2077 033a 90E0      		ldi r25、hi8(81)
 2078 033c 0E94 0000 		call LCD_WR_REG
 2079               	.LM103:
 2080 0340 60E0      		ldi r22、lo8(0)
 2081 0342 70E0      		ldi r23、hi8(0)
 2082 0344 82E5      		ldi r24、lo8(82)
 2083 0346 90E0      		ldi r25、hi8(82)
 2084 0348 0E94 0000 		call LCD_WR_REG
 2085               	.LM104:
 2086 034c 6FE3      		ldi r22、lo8(319)
 2087 034e 71E0      		ldi r23、hi8(319)
 2088 0350 83E5      		ldi r24、lo8(83)
 2089 0352 90E0      		ldi r25、hi8(83)
 2090 0354 0E94 0000 		call LCD_WR_REG
 2091               	.LM105:
 2092 0358 60E0      		ldi r22、lo8(9984)
 2093 035a 77E2      		ldi r23、hi8(9984)
 2094 035c 80E6      		ldi r24、lo8(96)
 2095 035e 90E0      		ldi r25、hi8(96)
 2096 0360 0E94 0000 		call LCD_WR_REG
 2097               	.LM106:
 2098 0364 61E0      		ldi r22、lo8(1)
 2099 0366 70E0      		ldi r23、hi8(1)
 2100 0368 81E6      		ldi r24、lo8(97)
 2101 036a 90E0      		ldi r25、hi8(97)
 2102 036c 0E94 0000 		call LCD_WR_REG
 2103               	.LM107:
 2104 0370 60E0      		ldi r22、lo8(0)
 2105 0372 70E0      		ldi r23、hi8(0)
 2106 0374 8AE6      		ldi r24、lo8(106)
 2107 0376 90E0      		ldi r25、hi8(106)
 2108 0378 0E94 0000 		call LCD_WR_REG
 2109               	.LM108:
 2110 037c 60E1      		ldi r22、lo8(16)
 2111 037e 70E0      		ldi r23、hi8(16)
 2112 0380 80E9      		ldi r24、lo8(144)
 2113 0382 90E0      		ldi r25、hi8(144)
 2114 0384 0E94 0000 		call LCD_WR_REG
 2115               	.LM109:
 2116 0388 60E0      		ldi r22、lo8(0)
 2117 038a 70E0      		ldi r23、hi8(0)
 2118 038c 82E9      		ldi r24、lo8(146)
 2119 038e 90E0      		ldi r25、hi8(146)
 2120 0390 0E94 0000 		call LCD_WR_REG
 2121               	.LM110:
 2122 0394 63E0      		ldi r22、lo8(3)
 2123 0396 70E0      		ldi r23、hi8(3)
 2124 0398 83E9      		ldi r24、lo8(147)
 2125 039a 90E0      		ldi r25、hi8(147)
 2126 039c 0E94 0000 		call LCD_WR_REG
 2127               	.LM111:
 2128 03a0 60E1      		ldi r22、lo8(272)
 2129 03a2 71E0      		ldi r23、hi8(272)
 2130 03a4 85E9      		ldi r24、lo8(149)
 2131 03a6 90E0      		ldi r25、hi8(149)
 2132 03a8 0E94 0000 		call LCD_WR_REG
 2133               	.LM112:
 2134 03ac 60E0      		ldi r22、lo8(0)
 2135 03ae 70E0      		ldi r23、hi8(0)
 2136 03b0 87E9      		ldi r24、lo8(151)
 2137 03b2 90E0      		ldi r25、hi8(151)
 2138 03b4 0E94 0000 		call LCD_WR_REG
 2139               	.LM113:
 2140 03b8 60E0      		ldi r22、lo8(0)
 2141 03ba 70E0      		ldi r23、hi8(0)
 2142 03bc 88E9      		ldi r24、lo8(152)
 2143 03be 90E0      		ldi r25、hi8(152)
 2144 03c0 0E94 0000 		call LCD_WR_REG
 2145               	.LM114:
 2146 03c4 84EF      		ldi r24、lo8(500)
 2147 03c6 91E0      		ldi r25、hi8(500)
 2148 03c8 0E94 0000 		call delay_ms
 2149               	.LM115:
 2150 03cc 63E7      		ldi r22、lo8(371)
 2151 03ce 71E0      		ldi r23、hi8(371)
 2152 03d0 87E0      		ldi r24、lo8(7)
 2153 03d2 90E0      		ldi r25、hi8(7)
 2154 03d4 0E94 0000 		call LCD_WR_REG
 2155               	.LM116:
 2156 03d8 80E0      		ldi r24、lo8(0)
 2157 03da 90E0      		ldi r25、hi8(0)
 2158 03dc 0E94 0000 		call LCD_Clear
 2159               	.LM117:
 2160 03e0 84EF      		ldi r24、lo8(500)
 2161 03e2 91E0      		ldi r25、hi8(500)
 2162 03e4 0E94 0000 		call delay_ms
 2163               	.LM118:
 2164 03e8 979A      		sbi 50-0x20、7
 2165               	/* epilogue: frame size=0 */
 2166 03ea 0895      		ret
 2167               	/* epilogue end (size=1) */
 2168               	/* function LCD_Init size 334 (333) */
 2169               	.LFE7:
 2171               	.global	LCD_write_english
 2173               	LCD_write_english:
 2174               	.LFB9:
 2175               	.LM119:
 2176               	/* prologue: frame size=0 */
 2177 03ec BF92      		push r11
 2178 03ee CF92      		push r12
 2179 03f0 DF92      		push r13
 2180 03f2 EF92      		push r14
 2181 03f4 FF92      		push r15
 2182 03f6 0F93      		push r16
 2183 03f8 1F93      		push r17
 2184 03fa CF93      		push r28
 2185               	/* prologue end (size=8) */
 2186 03fc B82E      		mov r11、r24
 2187 03fe 6B01      		movw r12、r22
 2188 0400 7A01      		movw r14、r20
 2189               	.LM120:
 2190 0402 82E2      		ldi r24、lo8(34)
 2191 0404 90E0      		ldi r25、hi8(34)
 2192 0406 0E94 0000 		call LCD_WR_REG16
 2193               	.LM121:
 2194 040a 00E0      		ldi r16、lo8(0)
 2195               	.L32:
 2196               	.LBB2:
 2197               	.LM122:
 2198 040c EB2D      		mov r30、r11
 2199 040e FF27      		clr r31
 2200 0410 34E0      		ldi r19、4
 2201 0412 EE0F      	1:	lsl r30
 2202 0414 FF1F      		rol r31
 2203 0416 3A95      		dec r19
 2204 0418 E1F7      		brne 1b
 2205 041a E00F      		add r30、r16
 2206 041c F11D      		adc r31、__zero_reg__
 2207 041e E050      		subi r30、lo8(-(english-512))
 2208 0420 F040      		sbci r31、hi8(-(english-512))
 2209               	/* #APP */
 2210 0422 C491      		lpm r28、 Z
 2211               		
 2212               	/* #NOAPP */
 2213 0424 17E0      		ldi r17、lo8(7)
 2214               	.L31:
 2215               	.LBE2:
 2216               	.LM123:
 2217 0426 C7FF      		sbrs r28、7
 2218 0428 02C0      		rjmp .L29
 2219 042a C601      		movw r24、r12
 2220 042c 01C0      		rjmp .L37
 2221               	.L29:
 2222               	.LM124:
 2223 042e C701      		movw r24、r14
 2224               	.L37:
 2225 0430 0E94 0000 		call LCD_WR_DATA16
 2226               	.LM125:
 2227 0434 CC0F      		lsl r28
 2228               	.LM126:
 2229 0436 1150      		subi r17、lo8(-(-1))
 2230 0438 17FF      		sbrs r17、7
 2231 043a F5CF      		rjmp .L31
 2232               	.LM127:
 2233 043c 0F5F      		subi r16、lo8(-(1))
 2234 043e 0031      		cpi r16、lo8(16)
 2235 0440 28F3      		brlo .L32
 2236               	/* epilogue: frame size=0 */
 2237 0442 CF91      		pop r28
 2238 0444 1F91      		pop r17
 2239 0446 0F91      		pop r16
 2240 0448 FF90      		pop r15
 2241 044a EF90      		pop r14
 2242 044c DF90      		pop r13
 2243 044e CF90      		pop r12
 2244 0450 BF90      		pop r11
 2245 0452 0895      		ret
 2246               	/* epilogue end (size=9) */
 2247               	/* function LCD_write_english size 55 (38) */
 2248               	.LFE9:
 2250               	.global	LCD_SetCursor
 2252               	LCD_SetCursor:
 2253               	.LFB13:
 2254               	.LM128:
 2255               	/* prologue: frame size=0 */
 2256 0454 0F93      		push r16
 2257 0456 1F93      		push r17
 2258               	/* prologue end (size=2) */
 2259 0458 8B01      		movw r16、r22
 2260               	.LM129:
 2261 045a BC01      		movw r22、r24
 2262 045c 80E2      		ldi r24、lo8(32)
 2263 045e 90E0      		ldi r25、hi8(32)
 2264 0460 0E94 0000 		call LCD_WR_REG
 2265               	.LM130:
 2266 0464 B801      		movw r22、r16
 2267 0466 81E2      		ldi r24、lo8(33)
 2268 0468 90E0      		ldi r25、hi8(33)
 2269 046a 0E94 0000 		call LCD_WR_REG
 2270               	/* epilogue: frame size=0 */
 2271 046e 1F91      		pop r17
 2272 0470 0F91      		pop r16
 2273 0472 0895      		ret
 2274               	/* epilogue end (size=3) */
 2275               	/* function LCD_SetCursor size 16 (11) */
 2276               	.LFE13:
 2278               	.global	Lcd_SetBox
 2280               	Lcd_SetBox:
 2281               	.LFB12:
 2282               	.LM131:
 2283               	/* prologue: frame size=0 */
 2284 0474 AF92      		push r10
 2285 0476 BF92      		push r11
 2286 0478 CF92      		push r12
 2287 047a DF92      		push r13
 2288 047c EF92      		push r14
 2289 047e FF92      		push r15
 2290 0480 0F93      		push r16
 2291 0482 1F93      		push r17
 2292               	/* prologue end (size=8) */
 2293 0484 8C01      		movw r16、r24
 2294 0486 5B01      		movw r10、r22
 2295 0488 6A01      		movw r12、r20
 2296 048a 7901      		movw r14、r18
 2297               	.LM132:
 2298 048c E61A      		sub r14、r22
 2299 048e F70A      		sbc r15、r23
 2300 0490 87E3      		ldi r24、lo8(311)
 2301 0492 91E0      		ldi r25、hi8(311)
 2302 0494 E80E      		add r14、r24
 2303 0496 F91E      		adc r15、r25
 2304 0498 B701      		movw r22、r14
 2305 049a C801      		movw r24、r16
 2306 049c 0E94 0000 		call LCD_SetCursor
 2307               	.LM133:
 2308 04a0 B801      		movw r22、r16
 2309 04a2 80E5      		ldi r24、lo8(80)
 2310 04a4 90E0      		ldi r25、hi8(80)
 2311 04a6 0E94 0000 		call LCD_WR_REG
 2312               	.LM134:
 2313 04aa 0C0D      		add r16、r12
 2314 04ac 1D1D      		adc r17、r13
 2315 04ae 0150      		subi r16、lo8(-(-1))
 2316 04b0 1040      		sbci r17、hi8(-(-1))
 2317 04b2 B801      		movw r22、r16
 2318 04b4 81E5      		ldi r24、lo8(81)
 2319 04b6 90E0      		ldi r25、hi8(81)
 2320 04b8 0E94 0000 		call LCD_WR_REG
 2321               	.LM135:
 2322 04bc 88E3      		ldi r24、lo8(312)
 2323 04be 91E0      		ldi r25、hi8(312)
 2324 04c0 8A19      		sub r24、r10
 2325 04c2 9B09      		sbc r25、r11
 2326 04c4 BC01      		movw r22、r24
 2327 04c6 82E5      		ldi r24、lo8(82)
 2328 04c8 90E0      		ldi r25、hi8(82)
 2329 04ca 0E94 0000 		call LCD_WR_REG
 2330               	.LM136:
 2331 04ce B701      		movw r22、r14
 2332 04d0 83E5      		ldi r24、lo8(83)
 2333 04d2 90E0      		ldi r25、hi8(83)
 2334 04d4 0E94 0000 		call LCD_WR_REG
 2335               	/* epilogue: frame size=0 */
 2336 04d8 1F91      		pop r17
 2337 04da 0F91      		pop r16
 2338 04dc FF90      		pop r15
 2339 04de EF90      		pop r14
 2340 04e0 DF90      		pop r13
 2341 04e2 CF90      		pop r12
 2342 04e4 BF90      		pop r11
 2343 04e6 AF90      		pop r10
 2344 04e8 0895      		ret
 2345               	/* epilogue end (size=9) */
 2346               	/* function Lcd_SetBox size 59 (42) */
 2347               	.LFE12:
 2349               	.global	LCD_write_SUM
 2351               	LCD_write_SUM:
 2352               	.LFB11:
 2353               	.LM137:
 2354               	/* prologue: frame size=0 */
 2355 04ea BF92      		push r11
 2356 04ec CF92      		push r12
 2357 04ee DF92      		push r13
 2358 04f0 EF92      		push r14
 2359 04f2 FF92      		push r15
 2360 04f4 0F93      		push r16
 2361 04f6 1F93      		push r17
 2362 04f8 CF93      		push r28
 2363               	/* prologue end (size=8) */
 2364 04fa FB01      		movw r30、r22
 2365 04fc B42E      		mov r11、r20
 2366 04fe 6901      		movw r12、r18
 2367 0500 7801      		movw r14、r16
 2368               	.LM138:
 2369 0502 28E0      		ldi r18、lo8(8)
 2370 0504 30E0      		ldi r19、hi8(8)
 2371 0506 4FE0      		ldi r20、lo8(15)
 2372 0508 50E0      		ldi r21、hi8(15)
 2373 050a BC01      		movw r22、r24
 2374 050c CF01      		movw r24、r30
 2375 050e 0E94 0000 		call Lcd_SetBox
 2376               	.LM139:
 2377 0512 82E2      		ldi r24、lo8(34)
 2378 0514 90E0      		ldi r25、hi8(34)
 2379 0516 0E94 0000 		call LCD_WR_REG16
 2380               	.LM140:
 2381 051a 00E0      		ldi r16、lo8(0)
 2382               	.L50:
 2383               	.LBB3:
 2384               	.LM141:
 2385 051c EB2D      		mov r30、r11
 2386 051e FF27      		clr r31
 2387 0520 44E0      		ldi r20、4
 2388 0522 EE0F      	1:	lsl r30
 2389 0524 FF1F      		rol r31
 2390 0526 4A95      		dec r20
 2391 0528 E1F7      		brne 1b
 2392 052a E00F      		add r30、r16
 2393 052c F11D      		adc r31、__zero_reg__
 2394 052e E050      		subi r30、lo8(-(english+256))
 2395 0530 F040      		sbci r31、hi8(-(english+256))
 2396               	/* #APP */
 2397 0532 C491      		lpm r28、 Z
 2398               		
 2399               	/* #NOAPP */
 2400 0534 17E0      		ldi r17、lo8(7)
 2401               	.L49:
 2402               	.LBE3:
 2403               	.LM142:
 2404 0536 C7FF      		sbrs r28、7
 2405 0538 02C0      		rjmp .L47
 2406 053a C601      		movw r24、r12
 2407 053c 01C0      		rjmp .L55
 2408               	.L47:
 2409               	.LM143:
 2410 053e C701      		movw r24、r14
 2411               	.L55:
 2412 0540 0E94 0000 		call LCD_WR_DATA16
 2413               	.LM144:
 2414 0544 CC0F      		lsl r28
 2415               	.LM145:
 2416 0546 1150      		subi r17、lo8(-(-1))
 2417 0548 17FF      		sbrs r17、7
 2418 054a F5CF      		rjmp .L49
 2419               	.LM146:
 2420 054c 0F5F      		subi r16、lo8(-(1))
 2421 054e 0031      		cpi r16、lo8(16)
 2422 0550 28F3      		brlo .L50
 2423               	/* epilogue: frame size=0 */
 2424 0552 CF91      		pop r28
 2425 0554 1F91      		pop r17
 2426 0556 0F91      		pop r16
 2427 0558 FF90      		pop r15
 2428 055a EF90      		pop r14
 2429 055c DF90      		pop r13
 2430 055e CF90      		pop r12
 2431 0560 BF90      		pop r11
 2432 0562 0895      		ret
 2433               	/* epilogue end (size=9) */
 2434               	/* function LCD_write_SUM size 64 (47) */
 2435               	.LFE11:
 2437               	.global	LCD_write_english_string
 2439               	LCD_write_english_string:
 2440               	.LFB10:
 2441               	.LM147:
 2442               	/* prologue: frame size=0 */
 2443 0564 AF92      		push r10
 2444 0566 BF92      		push r11
 2445 0568 CF92      		push r12
 2446 056a DF92      		push r13
 2447 056c EF92      		push r14
 2448 056e FF92      		push r15
 2449 0570 0F93      		push r16
 2450 0572 1F93      		push r17
 2451 0574 CF93      		push r28
 2452 0576 DF93      		push r29
 2453               	/* prologue end (size=10) */
 2454 0578 FC01      		movw r30、r24
 2455 057a 5B01      		movw r10、r22
 2456 057c 7A01      		movw r14、r20
 2457 057e 6901      		movw r12、r18
 2458               	.LM148:
 2459 0580 DA01      		movw r26、r20
 2460 0582 8C91      		ld r24、X
 2461 0584 8823      		tst r24
 2462 0586 A9F0      		breq .L61
 2463 0588 EF01      		movw r28、r30
 2464               	.L59:
 2465               	.LM149:
 2466 058a 28E0      		ldi r18、lo8(8)
 2467 058c 30E0      		ldi r19、hi8(8)
 2468 058e 4FE0      		ldi r20、lo8(15)
 2469 0590 50E0      		ldi r21、hi8(15)
 2470 0592 BE01      		movw r22、r28
 2471 0594 C501      		movw r24、r10
 2472 0596 0E94 0000 		call Lcd_SetBox
 2473               	.LM150:
 2474 059a A801      		movw r20、r16
 2475 059c B601      		movw r22、r12
 2476 059e F701      		movw r30、r14
 2477 05a0 8191      		ld r24、Z+
 2478 05a2 7F01      		movw r14、r30
 2479 05a4 0E94 0000 		call LCD_write_english
 2480 05a8 2896      		adiw r28、8
 2481               	.LM151:
 2482 05aa D701      		movw r26、r14
 2483 05ac 8C91      		ld r24、X
 2484 05ae 8823      		tst r24
 2485 05b0 61F7      		brne .L59
 2486               	.L61:
 2487               	/* epilogue: frame size=0 */
 2488 05b2 DF91      		pop r29
 2489 05b4 CF91      		pop r28
 2490 05b6 1F91      		pop r17
 2491 05b8 0F91      		pop r16
 2492 05ba FF90      		pop r15
 2493 05bc EF90      		pop r14
 2494 05be DF90      		pop r13
 2495 05c0 CF90      		pop r12
 2496 05c2 BF90      		pop r11
 2497 05c4 AF90      		pop r10
 2498 05c6 0895      		ret
 2499               	/* epilogue end (size=11) */
 2500               	/* function LCD_write_english_string size 50 (29) */
 2501               	.LFE10:
 2503               	.global	GUI_Point
 2505               	GUI_Point:
 2506               	.LFB14:
 2507               	.LM152:
 2508               	/* prologue: frame size=0 */
 2509 05c8 EF92      		push r14
 2510 05ca FF92      		push r15
 2511 05cc 0F93      		push r16
 2512 05ce 1F93      		push r17
 2513               	/* prologue end (size=4) */
 2514 05d0 8B01      		movw r16、r22
 2515 05d2 7A01      		movw r14、r20
 2516               	.LM153:
 2517 05d4 BC01      		movw r22、r24
 2518 05d6 80E2      		ldi r24、lo8(32)
 2519 05d8 90E0      		ldi r25、hi8(32)
 2520 05da 0E94 0000 		call LCD_WR_REG
 2521               	.LM154:
 2522 05de B801      		movw r22、r16
 2523 05e0 81E2      		ldi r24、lo8(33)
 2524 05e2 90E0      		ldi r25、hi8(33)
 2525 05e4 0E94 0000 		call LCD_WR_REG
 2526               	.LM155:
 2527 05e8 82E2      		ldi r24、lo8(34)
 2528 05ea 90E0      		ldi r25、hi8(34)
 2529 05ec 0E94 0000 		call LCD_WR_REG16
 2530               	.LM156:
 2531 05f0 C701      		movw r24、r14
 2532 05f2 0E94 0000 		call LCD_WR_DATA16
 2533               	/* epilogue: frame size=0 */
 2534 05f6 1F91      		pop r17
 2535 05f8 0F91      		pop r16
 2536 05fa FF90      		pop r15
 2537 05fc EF90      		pop r14
 2538 05fe 0895      		ret
 2539               	/* epilogue end (size=5) */
 2540               	/* function GUI_Point size 28 (19) */
 2541               	.LFE14:
 2543               	.global	Test
 2545               	Test:
 2546               	.LFB15:
 2547               	.LM157:
 2548               	/* prologue: frame size=0 */
 2549 0600 AF92      		push r10
 2550 0602 BF92      		push r11
 2551 0604 CF92      		push r12
 2552 0606 DF92      		push r13
 2553 0608 EF92      		push r14
 2554 060a FF92      		push r15
 2555 060c 0F93      		push r16
 2556 060e 1F93      		push r17
 2557               	/* prologue end (size=8) */
 2558               	.LM158:
 2559 0610 60E0      		ldi r22、lo8(0)
 2560 0612 70E0      		ldi r23、hi8(0)
 2561 0614 80E2      		ldi r24、lo8(32)
 2562 0616 90E0      		ldi r25、hi8(32)
 2563 0618 0E94 0000 		call LCD_WR_REG
 2564               	.LM159:
 2565 061c 60E0      		ldi r22、lo8(0)
 2566 061e 70E0      		ldi r23、hi8(0)
 2567 0620 81E2      		ldi r24、lo8(33)
 2568 0622 90E0      		ldi r25、hi8(33)
 2569 0624 0E94 0000 		call LCD_WR_REG
 2570               	.LM160:
 2571 0628 EE24      		clr r14
 2572 062a FF24      		clr r15
 2573 062c 8701      		movw r16、r14
 2574               	.L78:
 2575               	.LM161:
 2576 062e 60E0      		ldi r22、lo8(0)
 2577 0630 70E0      		ldi r23、hi8(0)
 2578 0632 80E5      		ldi r24、lo8(80)
 2579 0634 90E0      		ldi r25、hi8(80)
 2580 0636 0E94 0000 		call LCD_WR_REG
 2581               	.LM162:
 2582 063a 6FEE      		ldi r22、lo8(239)
 2583 063c 70E0      		ldi r23、hi8(239)
 2584 063e 81E5      		ldi r24、lo8(81)
 2585 0640 90E0      		ldi r25、hi8(81)
 2586 0642 0E94 0000 		call LCD_WR_REG
 2587               	.LM163:
 2588 0646 60E0      		ldi r22、lo8(0)
 2589 0648 70E0      		ldi r23、hi8(0)
 2590 064a 82E5      		ldi r24、lo8(82)
 2591 064c 90E0      		ldi r25、hi8(82)
 2592 064e 0E94 0000 		call LCD_WR_REG
 2593               	.LM164:
 2594 0652 6FE3      		ldi r22、lo8(319)
 2595 0654 71E0      		ldi r23、hi8(319)
 2596 0656 83E5      		ldi r24、lo8(83)
 2597 0658 90E0      		ldi r25、hi8(83)
 2598 065a 0E94 0000 		call LCD_WR_REG
 2599               	.LM165:
 2600 065e 82E2      		ldi r24、lo8(34)
 2601 0660 90E0      		ldi r25、hi8(34)
 2602 0662 0E94 0000 		call LCD_WR_REG16
 2603 0666 5FEF      		ldi r21、lo8(76799)
 2604 0668 A52E      		mov r10、r21
 2605 066a 5BE2      		ldi r21、hi8(76799)
 2606 066c B52E      		mov r11、r21
 2607 066e 51E0      		ldi r21、hlo8(76799)
 2608 0670 C52E      		mov r12、r21
 2609 0672 D12C      		mov r13、__zero_reg__
 2610               	.L77:
 2611               	.LM166:
 2612 0674 E114      		cp r14、__zero_reg__
 2613 0676 F104      		cpc r15、__zero_reg__
 2614 0678 0105      		cpc r16、__zero_reg__
 2615 067a 1105      		cpc r17、__zero_reg__
 2616 067c 21F4      		brne .L70
 2617 067e 8FE1      		ldi r24、lo8(31)
 2618 0680 90E0      		ldi r25、hi8(31)
 2619 0682 0E94 0000 		call LCD_WR_DATA16
 2620               	.L70:
 2621               	.LM167:
 2622 0686 81E0      		ldi r24、lo8(1)
 2623 0688 E816      		cp r14、r24
 2624 068a F104      		cpc r15、__zero_reg__
 2625 068c 0105      		cpc r16、__zero_reg__
 2626 068e 1105      		cpc r17、__zero_reg__
 2627 0690 21F4      		brne .L71
 2628 0692 80E0      		ldi r24、lo8(-2048)
 2629 0694 98EF      		ldi r25、hi8(-2048)
 2630 0696 0E94 0000 		call LCD_WR_DATA16
 2631               	.L71:
 2632               	.LM168:
 2633 069a 82E0      		ldi r24、lo8(2)
 2634 069c E816      		cp r14、r24
 2635 069e F104      		cpc r15、__zero_reg__
 2636 06a0 0105      		cpc r16、__zero_reg__
 2637 06a2 1105      		cpc r17、__zero_reg__
 2638 06a4 21F4      		brne .L72
 2639 06a6 80EE      		ldi r24、lo8(2016)
 2640 06a8 97E0      		ldi r25、hi8(2016)
 2641 06aa 0E94 0000 		call LCD_WR_DATA16
 2642               	.L72:
 2643               	.LM169:
 2644 06ae 83E0      		ldi r24、lo8(3)
 2645 06b0 E816      		cp r14、r24
 2646 06b2 F104      		cpc r15、__zero_reg__
 2647 06b4 0105      		cpc r16、__zero_reg__
 2648 06b6 1105      		cpc r17、__zero_reg__
 2649 06b8 21F4      		brne .L73
 2650 06ba 8FEF      		ldi r24、lo8(2047)
 2651 06bc 97E0      		ldi r25、hi8(2047)
 2652 06be 0E94 0000 		call LCD_WR_DATA16
 2653               	.L73:
 2654               	.LM170:
 2655 06c2 84E0      		ldi r24、lo8(4)
 2656 06c4 E816      		cp r14、r24
 2657 06c6 F104      		cpc r15、__zero_reg__
 2658 06c8 0105      		cpc r16、__zero_reg__
 2659 06ca 1105      		cpc r17、__zero_reg__
 2660 06cc 21F4      		brne .L74
 2661 06ce 8FE1      		ldi r24、lo8(-2017)
 2662 06d0 98EF      		ldi r25、hi8(-2017)
 2663 06d2 0E94 0000 		call LCD_WR_DATA16
 2664               	.L74:
 2665               	.LM171:
 2666 06d6 85E0      		ldi r24、lo8(5)
 2667 06d8 E816      		cp r14、r24
 2668 06da F104      		cpc r15、__zero_reg__
 2669 06dc 0105      		cpc r16、__zero_reg__
 2670 06de 1105      		cpc r17、__zero_reg__
 2671 06e0 21F4      		brne .L75
 2672 06e2 80EE      		ldi r24、lo8(-32)
 2673 06e4 9FEF      		ldi r25、hi8(-32)
 2674 06e6 0E94 0000 		call LCD_WR_DATA16
 2675               	.L75:
 2676               	.LM172:
 2677 06ea 86E0      		ldi r24、lo8(6)
 2678 06ec E816      		cp r14、r24
 2679 06ee F104      		cpc r15、__zero_reg__
 2680 06f0 0105      		cpc r16、__zero_reg__
 2681 06f2 1105      		cpc r17、__zero_reg__
 2682 06f4 21F4      		brne .L69
 2683 06f6 80E0      		ldi r24、lo8(0)
 2684 06f8 90E0      		ldi r25、hi8(0)
 2685 06fa 0E94 0000 		call LCD_WR_DATA16
 2686               	.L69:
 2687               	.LM173:
 2688 06fe 0894      		sec
 2689 0700 A108      		sbc r10、__zero_reg__
 2690 0702 B108      		sbc r11、__zero_reg__
 2691 0704 C108      		sbc r12、__zero_reg__
 2692 0706 D108      		sbc r13、__zero_reg__
 2693 0708 D7FE      		sbrs r13、7
 2694 070a B4CF      		rjmp .L77
 2695               	.LM174:
 2696 070c 84E6      		ldi r24、lo8(100)
 2697 070e 90E0      		ldi r25、hi8(100)
 2698 0710 0E94 0000 		call delay_ms
 2699               	.LM175:
 2700 0714 0894      		sec
 2701 0716 E11C      		adc r14、__zero_reg__
 2702 0718 F11C      		adc r15、__zero_reg__
 2703 071a 011D      		adc r16、__zero_reg__
 2704 071c 111D      		adc r17、__zero_reg__
 2705 071e 87E0      		ldi r24、lo8(7)
 2706 0720 E816      		cp r14、r24
 2707 0722 F104      		cpc r15、__zero_reg__
 2708 0724 0105      		cpc r16、__zero_reg__
 2709 0726 1105      		cpc r17、__zero_reg__
 2710 0728 08F4      		brsh .+2
 2711 072a 81CF      		rjmp .L78
 2712               	/* epilogue: frame size=0 */
 2713 072c 1F91      		pop r17
 2714 072e 0F91      		pop r16
 2715 0730 FF90      		pop r15
 2716 0732 EF90      		pop r14
 2717 0734 DF90      		pop r13
 2718 0736 CF90      		pop r12
 2719 0738 BF90      		pop r11
 2720 073a AF90      		pop r10
 2721 073c 0895      		ret
 2722               	/* epilogue end (size=9) */
 2723               	/* function Test size 159 (142) */
 2724               	.LFE15:
 2726               	.Letext0:
DEFINED SYMBOLS
                            *ABS*:00000000 lcd.c
C:\DOCUME~1\ADMINI~1\LOCALS~1\Temp/ccioaaaa.s:3      *ABS*:0000003f __SREG__
C:\DOCUME~1\ADMINI~1\LOCALS~1\Temp/ccioaaaa.s:4      *ABS*:0000003e __SP_H__
C:\DOCUME~1\ADMINI~1\LOCALS~1\Temp/ccioaaaa.s:5      *ABS*:0000003d __SP_L__
C:\DOCUME~1\ADMINI~1\LOCALS~1\Temp/ccioaaaa.s:6      *ABS*:00000000 __tmp_reg__
C:\DOCUME~1\ADMINI~1\LOCALS~1\Temp/ccioaaaa.s:7      *ABS*:00000001 __zero_reg__
C:\DOCUME~1\ADMINI~1\LOCALS~1\Temp/ccioaaaa.s:22     .progmem.data:00000000 english
C:\DOCUME~1\ADMINI~1\LOCALS~1\Temp/ccioaaaa.s:1546   .text:00000000 delay_us
C:\DOCUME~1\ADMINI~1\LOCALS~1\Temp/ccioaaaa.s:1566   .text:0000000c delay_ms
C:\DOCUME~1\ADMINI~1\LOCALS~1\Temp/ccioaaaa.s:1601   .text:00000034 LCD_WR_DATA16
C:\DOCUME~1\ADMINI~1\LOCALS~1\Temp/ccioaaaa.s:1653   .text:00000070 LCD_WR_REG16
C:\DOCUME~1\ADMINI~1\LOCALS~1\Temp/ccioaaaa.s:1709   .text:000000b4 LCD_WR_REG
C:\DOCUME~1\ADMINI~1\LOCALS~1\Temp/ccioaaaa.s:1732   .text:000000ca LCD_Clear
C:\DOCUME~1\ADMINI~1\LOCALS~1\Temp/ccioaaaa.s:1823   .text:00000150 LCD_Init
C:\DOCUME~1\ADMINI~1\LOCALS~1\Temp/ccioaaaa.s:2173   .text:000003ec LCD_write_english
C:\DOCUME~1\ADMINI~1\LOCALS~1\Temp/ccioaaaa.s:2252   .text:00000454 LCD_SetCursor
C:\DOCUME~1\ADMINI~1\LOCALS~1\Temp/ccioaaaa.s:2280   .text:00000474 Lcd_SetBox
C:\DOCUME~1\ADMINI~1\LOCALS~1\Temp/ccioaaaa.s:2351   .text:000004ea LCD_write_SUM
C:\DOCUME~1\ADMINI~1\LOCALS~1\Temp/ccioaaaa.s:2439   .text:00000564 LCD_write_english_string
C:\DOCUME~1\ADMINI~1\LOCALS~1\Temp/ccioaaaa.s:2505   .text:000005c8 GUI_Point
C:\DOCUME~1\ADMINI~1\LOCALS~1\Temp/ccioaaaa.s:2545   .text:00000600 Test

UNDEFINED SYMBOLS
__do_copy_data
__do_clear_bss
