                        ; --------------------------------------
                        ; zasm: assemble "boot.asm"
                        ; date: 2025-10-06 21:24:53
                        ; --------------------------------------


                        ;
EF00:                   SBOTTOM equ 	0ef00h
F000:                   MONITOR equ     0f000h
                        ;
0000:                   	    org 	0000h
0000:                   RST_00: 	; Resetr/Power on
0000: 3100EF   [10]     	    ld 		sp, SBOTTOM
0003: C300F0   [20]     	    jp  	MONITOR
                        ;
                        		org 	0038h
0038:                   RST_38:		; Mode 1 interrupt service routine
                        ;
                        		org 	0066h
0066:                   RST_66: 	; NMI interrupt service routine


; +++ segments +++

#CODE          = $0000 =     0,  size = $0066 =   102

; +++ global symbols +++

MONITOR = $F000 = 61440          boot.asm:3
RST_00  = $0000 =     0          boot.asm:6 (unused)
RST_38  = $0038 =    56          boot.asm:11 (unused)
RST_66  = $0066 =   102          boot.asm:14 (unused)
SBOTTOM = $EF00 = 61184          boot.asm:2
_end    = $0066 =   102          boot.asm:5 (unused)
_size   = $0066 =   102          boot.asm:5 (unused)


total time: 0.0006 sec.
no errors
