                        ; --------------------------------------
                        ; zasm: assemble "monitor_100.asm"
                        ; date: 2025-11-02 11:04:52
                        ; --------------------------------------


                        ; macros
                        clrcf:	macro		; clear carry flag
                        		and 	a
                        		endm
                        ;
                        clra: 	macro
                        		xor 	a
                        		endm
                        ;
                        ; I/O port
                        ;
0000:                   CONSTA 	equ 	0
0001:                   CONIO 	equ 	1
                        ;CONOUT equ 	2
0080:                   CLKMODE	equ 	128
                        ;LED7SEG	equ 	129
                        ;
                        ;
                        ; a  ... workspace reg.
                        ; b  ... workspace reg. dnjz counter
                        ; c  ... command
                        ; de ... address
                        ;
                        
                        ; rom subroutines;
                        ;
                        
0100:                           org     00100h
0100:                   mon:            ;entry point
0100: 110000   [10]     		ld 		de, 0
0103: ED530903 [30]     		ld 		(OADDR), de
0107: ED530B03 [50]     		ld 		(CADDR), de
010B:                   read_line:
010B: 210004   [10]     		ld 		hl, lbuf 	; line buffer
                        		; ld 		c, BUFSIZE	; line buffer size (except null terminal)
010E: CDDA01   [27]     		call	getln
0111: 210004   [37]     		ld 		hl, lbuf
0114: 7E       [44]     		ld 		a, (hl)
                        ; no arity commands
0115: FE00     [51]     		cp 		$0 		; line is empty
0117: 2849     [58|63]  		jr 		z, default_dump
                        		;
0119: FE48     [65]     		cp 		'H' 	; begins with H
011B: CACE01   [75|75]  		jp 		z, mon_halt
                        		;
011E: FE2E     [82]     		cp 		'.'		; begins with .
0120: 282C     [89|94]  		jr 		z, specify_end
0122: FE3A     [96]     		cp 		':'		; begins with :
0124: 286B     [103|108]		jr 		z, write_mode
                        		;
                        ; specify start address and function
0126: 0E04     [110]    		ld 		c, 4
0128: CDED02   [127]    		call 	hexstr_de
012B: ED530903 [147]    		ld 		(OADDR), de
                        		;
012F: 7E       [154]    		ld 		a, (hl)
0130: FE00     [161]    		cp 		$0
0132: 282E     [168|173]		jr 		z, default_dump
0134: FE2E     [175]    		cp		'.'
0136: 2816     [182|187]		jr 		z, specify_end
0138: FE3A     [189]    		cp		':'
013A: 2855     [196|201]		jr 		z, write_mode
013C: FE52     [203]    		cp		'R'
013E: 2878     [210|215]		jr 		z, run_mode
0140: FE4A     [217]    		cp		'J'
0142: 2874     [224|229]		jr 		z, run_mode
0144: FE53     [231]    		cp		'S'
0146: CAC701   [241|241]		jp 		z, clk_mode
0149: CD6002   [258]    		call 	print_err_msg
014C: 18B2     [270]    		jr 		mon		; OADDR and CADDR are possibly corrupted
                        		;
014E:                   specify_end:
014E: 23       [ 6]     		inc 	hl 		; next to '.'
014F: 0E04     [13]     		ld 		c, 4
0151: CDED02   [30]     		call 	hexstr_de
0154: ED530B03 [50]     		ld 		(CADDR), de
0158: 7E       [57]     		ld 		a, (hl)
0159: FE00     [64]     		cp 		0
015B: 2805     [71|76]  		jr 		z, default_dump
015D: CD6002   [88]     		call 	print_err_msg
0160: 189E     [100]    		jr 		mon		; OADDR and CADDR are possibly corrupted
                        		;
0162:                   default_dump:
0162: 2A0903   [16]     		ld 		hl, (OADDR)
0165: ED5B0B03 [36]     		ld 		de, (CADDR)
0169: 7C       [40]     		ld 		a, h
016A: BA       [44]     		cp 		d 
016B: 2002     [51|56]  		jr 		nz, $+4 
016D: 7D       [55]     		ld 		a, l 
016E: BB       [59]     		cp 		e 
016F: 3809     [66|71]  		jr 		c, do_dump  ; start < end
0171: 2807     [73|78]  		jr 		z, do_dump  ; start == end
0173: 111000   [83]     		ld 		de, $10
0176: 19       [94]     		add 	hl, de
0177: 220B03   [110]    		ld 		(CADDR), hl
                        		;
017A:                   do_dump:
017A: 2A0903   [16]     		ld 		hl, (OADDR)
017D: ED5B0B03 [36]     		ld 		de, (CADDR)
0181: CD8602   [53]     		call 	dump
0184: 220903   [69]     		ld 		(OADDR), hl
0187: 110000   [79]     		ld 		de, 0
018A: ED530B03 [99]     		ld 		(CADDR), de
018E: C30B01   [109]    		jp 		read_line
                                ;
0191:                   write_mode:
0191: 23       [ 6]     		inc 	hl 		; next to ':'
0192: 7E       [13]     		ld 		a, (hl)
0193: FE20     [20]     		cp 		' '
0195: 28FA     [27|32]  		jr 		z, write_mode
                        		;
0197: 0E02     [34]     		ld 		c, 2
0199: CDED02   [51]     		call 	hexstr_de
019C: 79       [55]     		ld 		a, c 
019D: FE02     [62]     		cp 		a, 2
019F: 2814     [69|74]  		jr 		z, write_mode.exit	; no arg or illegal char
01A1: DD2A0903 [89]     		ld 		ix, (OADDR)
01A5: DD7300   [108]    		ld 		(ix), e
01A8: DD23     [118]    		inc 	ix
01AA: DD220903 [138]    		ld 		(OADDR), ix
01AE: 7E       [145]    		ld 		a, (hl)
01AF: FE00     [152]    		cp 		0
01B1: 2802     [159|164]		jr 		z, write_mode.exit
01B3: 18DC     [171]    		jr 		write_mode
01B5:                   write_mode.exit
01B5: C30B01   [10]     		jp 		read_line
                        ;
01B8:                   run_mode:
01B8: FE4A     [ 7]     		cp 		'J'
01BA: 2802     [14|19]  		jr 		z, $+4
01BC: 110B01   [24]     		ld 		de, read_line
01BF: D5       [35]     		push 	de
                        		;
01C0: CD4F02   [52]     		call 	print_endl
01C3: 2A0903   [68]     		ld 		hl, (OADDR)
01C6: E9       [72]     		jp 		(hl)
                        ;;
                        ;  clockspeed change by output number to port 128
01C7:                   clk_mode:
01C7: 7B       [ 4]     		ld 		a, e
01C8: CD0403   [21]     		call 	clk_spd_change
01CB: C30B01   [31]     		jp 		read_line
                        ;
01CE:                   mon_halt:
01CE: CD4F02   [17]     		call 	print_endl
01D1: 76       [21]     		halt
                        
                        
                        ; subroutines
                        ; getchar
01D2:                   getchar:
01D2: DB00     [11]     		in 		a, (CONSTA)
01D4: A7       [15]     		and 	a
01D5: 28FB     [22|27]  		jr 		z, getchar
01D7: DB01     [33]     		in 		a, (CONIO)
01D9: C9       [43]     		ret
                        
                        ; getlin
                        ; read up to c bytes into buffer pointed by hl, end with 0
                        ; hl ... line buffer pointer
                        ; c  .... buffer limit length
01DA:                   getln:
01DA: 3600     [10]     		ld 		(hl), 0
01DC: CD4F02   [27]     		call 	print_endl
01DF: 3E2A     [34]     		ld 		a, '*'
01E1: D301     [45]     		out 	(CONIO), a
                                ;
01E3:                   getln_wait:
01E3: CDD201   [17]     		call 	getchar
01E6: FE08     [24]     		cp 		$08 	;backspace
01E8: 2816     [31|36]  		jr 		z, getln_bkspc
01EA: FE7F     [38]     		cp 		$7f		; del
01EC: 2812     [45|50]  		jr 		z, getln_bkspc
01EE: FE1B     [52]     		cp 		$1b
01F0: 2823     [59|64]  		jr 		z, getln_escseq
01F2: FE0A     [66]     		cp 		$0a
01F4: 283C     [73|78]  		jr 		z, getln_end
01F6: FE0D     [80]     		cp 		$0d
01F8: 2838     [87|92]  		jr 		z, getln_end
                        ; other ctrl codes
01FA: FE20     [94]     		cp 		$20
01FC: 3027     [101|106]		jr 		nc, getln_echo_proceed
01FE: 18E3     [113]    		jr 		getln_wait
                        
0200:                   getln_bkspc:
0200: 7D       [ 4]     		ld 		a, l
0201: A7       [ 8]     		and 	a
0202: 28DF     [15|20]  		jr 		z, getln_wait
0204: 3E08     [22]     		ld 		a, $08
0206: D301     [33]     		out 	(CONIO), a
0208: 3E20     [40]     		ld 		a, ' '
020A: D301     [51]     		out 	(CONIO), a
020C: 3E08     [58]     		ld 		a, $08
020E: D301     [69]     		out 	(CONIO), a
0210: 2D       [73]     		dec 	l
0211: 3600     [83]     		ld 		(hl), $0
0213: 18CE     [95]     		jr 		getln_wait
                        
0215:                   getln_escseq:
0215: CDD201   [17]     		call  	getchar
0218: FE5B     [24]     		cp 		'['
021A: 20C7     [31|36]  		jr 		nz, getln_wait
021C: CDD201   [48]     		call 	getchar
021F: FE44     [55]     		cp 		'D'
0221: 28DD     [62|67]  		jr 		z, getln_bkspc
0223: 18BE     [74]     		jr 		getln_wait
                        
0225:                   getln_echo_proceed:
0225: D301     [11]     		out 	(CONIO), a 		; echo back
                        		;
0227: 77       [18]     		ld 		(hl),a		; *ptr++ = a
0228: 2C       [22]     		inc 	l
0229: 3600     [32]     		ld 		(hl), $0	; *ptr = NULL
022B: 7D       [36]     		ld 		a, l
022C: FEFF     [43]     		cp 		$ff
022E: 2802     [50|55]  		jr 		z, getln_end  ; force terminate line
0230: 18B1     [62]     		jr 		getln_wait
                        
0232:                   getln_end:	; parse lbuf
0232: C9       [10]     		ret
                        
                        ;
                        ; print a nibble in A
0233:                   print_nibble:
0233: E60F     [ 7]     		and 	$0f
0235: FE0A     [14]     		cp 		$a
0237: C630     [21]     		add 	'0'
0239: FE3A     [28]     		cp 		':'
023B: 3802     [35|40]  		jr 		c, print_nibble_out
023D: C607     [42]     		add 	7
023F:                   print_nibble_out:
023F: D301     [11]     		out 	(CONIO), a
0241: C9       [21]     		ret
                        
                        ; print a byte in A
0242:                   print_byte:
0242: F5       [11]     		push 	af
0243: 07       [15]     		rlca
0244: 07       [19]     		rlca
0245: 07       [23]     		rlca
0246: 07       [27]     		rlca
0247: CD3302   [44]     		call 	print_nibble
024A: F1       [54]     		pop 	af
024B: CD3302   [71]     		call 	print_nibble
024E: C9       [81]     		ret
                        
024F:                   print_endl:
024F: 3E0A     [ 7]     		ld 		a, $0a
0251: D301     [18]     		out 	(CONIO), A
0253: 3E0D     [25]     		ld 		a, $0d
0255: D301     [36]     		out 	(CONIO), A
0257: C9       [46]     		ret
                        ;
0258:                   print_str_hl:
0258: 7E       [ 7]     		ld 		a,(hl)
0259: A7       [11]     		and 	A
025A: C8       [16|22]  		ret 	z
025B: D301     [27]     		out 	(CONIO), a
025D: 23       [33]     		inc 	hl
025E: 18F8     [45]     		jr 		print_str_hl
                        ;
                        ;
0260:                   print_err_msg:
0260: E5       [11]     		push 	hl
0261: F5       [22]     		push 	af
0262: CD4F02   [39]     		call 	print_endl
0265: 217C02   [49]     		ld 		hl, str_err
0268: CD5802   [66]     		call 	print_str_hl
026B: F1       [76]     		pop 	af
026C: CD4202   [93]     		call 	print_byte
026F: CD4F02   [110]    		call 	print_endl
0272: E1       [120]    		pop 	hl
0273: 7C       [124]    		ld 		a, h
0274: CD4202   [141]    		call 	print_byte
0277: 7D       [145]    		ld 		a, l
0278: CD4202   [162]    		call 	print_byte
027B: C9       [172]    		ret
                        		;
027C:                   str_err:
027C: 0A0D6572          		db 	$0a, $0d, "error"
0280: 726F72            
0283:                   str_endl:
0283: 0A0D00            		db $0a, $0d, 0
                        ;
                        
                        ; dump : dump memory from OADDR to OADDR+2 (value)
                        ; hl ... start address (will be trucated)
                        ; de ... end address
                        ;
                        ; bc ... the original start address
                        
0286:                   dump:
0286: 44       [ 4]     	ld 		b, h
0287: 4D       [ 8]     	ld 		c, l
0288: 3EF0     [15]     	ld 		a, $F0
028A: A5       [19]     	and 	l
028B: 6F       [23]     	ld 		l, a
028C:                   dump.print_header:
028C: CD4F02   [17]     	call 	print_endl
028F: 78       [21]     	ld 		a, b
0290: CD4202   [38]     	call 	print_byte
0293: 79       [42]     	ld 		a, c
0294: CD4202   [59]     	call 	print_byte
0297: 3E20     [66]     	ld 		a, ' '
0299: D301     [77]     	out 	(CONIO), a
029B: 3E3A     [84]     	ld 		a, ':'
029D: D301     [95]     	out 	(CONIO), a
029F: 3E20     [102]    	ld 		a, ' '
02A1: D301     [113]    	out 	(CONIO), a
                            ;
02A3:                   dump.bytes:
                        	;cp 	bc, hl
02A3: 78       [ 4]     	ld 		a, b
02A4: BC       [ 8]     	cp 		h
02A5: 2002     [15|20]  	jr 		nz, $+4
02A7: 79       [19]     	ld 		a, c
02A8: BD       [23]     	cp 		l
                        	;
02A9: 380A     [30|35]  	jr 		c, dump.print_byte
02AB: 2808     [37|42]  	jr 		z, dump.print_byte
                        ; print two-spaces
02AD: 3E20     [44]     	ld 		a, ' '
02AF: D301     [55]     	out 	(CONIO), a
02B1: D301     [66]     	out 	(CONIO), a
02B3: 1804     [78]     	jr 		dump.print_spc
02B5:                   dump.print_byte
02B5: 7E       [ 7]     	ld 		a, (hl)
02B6: CD4202   [24]     	call 	print_byte
02B9:                   dump.print_spc:
02B9: 3E20     [ 7]     	ld 		a, ' '
02BB: D301     [18]     	out 	(CONIO), a
02BD: 23       [24]     	inc 	hl
                        	; cp 	de, hl
02BE: 7A       [28]     	ld 		a, d
02BF: BC       [32]     	cp 		h
02C0: 2002     [39|44]  	jr 		nz, $+4; dump.cp_de_hl_end
02C2: 7B       [43]     	ld 		a, e
02C3: BD       [47]     	cp 		l
                        	; cp 	de, hl end
02C4: C8       [52|58]  	ret 	z ; de == hl, then exit dump
02C5: D8       [57|63]  	ret 	c ; de < hl, then exit dump
02C6: 7D       [61]     	ld 		a, l 	; test whether the least 4 bits of address is zero
02C7: E60F     [68]     	and 	$0f
02C9: 20D8     [75|80]  	jr 		nz, dump.bytes
02CB: 44       [79]     	ld 		b, h 
02CC: 4D       [83]     	ld 		c, l
02CD: 18BD     [95]     	jr 		dump.print_header  ; if so print address header
                            ;
                        
                        ; convert one char expressing a hexadecimal digit 
                        ; in A reg. to nibble in A
                        ; set carry flag if got a wrong char
                        ;
02CF:                   hex2nib:
02CF: FE30     [ 7]     		cp 		'0'
02D1: D8       [12|18]  		ret 	c		; A < '0'
02D2: FE3A     [19]     		cp 		'9' + 1
02D4: 3003     [26|31]  		jr 		nc, hex2nib.alpha
02D6: D630     [33]     		sub 	'0' 	; A was digit, results carry reset
02D8: C9       [43]     		ret
02D9:                   hex2nib.alpha:
02D9: FE61     [ 7]     		cp 		'a'
02DB: 3806     [14|19]  		jr 		c, hex2nib.upper
02DD: FE67     [21]     		cp 		'f'+1
02DF: 3F       [25]     		ccf		; set carry if A >= 'f'+1
02E0: D8       [30|36]  		ret 	c
02E1: E6DF     [37]     		and 	$df		; a - f to upper char
02E3:                   hex2nib.upper:
02E3: FE41     [ 7]     		cp 		'A'
02E5: D8       [12|18]  		ret 	c
02E6: FE47     [19]     		cp      'F' + 1
02E8: 3F       [23]     		ccf
02E9: D8       [28|34]  		ret 	c      ; error if it is larger than 'F'
02EA: D637     [35]     		sub 	'A'-10
02EC: C9       [45]     		ret
                        
                        ; read hexadecimal string char upto 2 or 4 (set in C) 
                        ; bytes from (HL) and return int val in DE
                        ; if non hexdec char is encountered at (HL), returns with current de value without inc hl.
                        ; if C upper-limit bytes has been read, returns with current de value with increment hl.
                        ; A reg. hold the last char read from (HL).
                        ;
02ED:                   hexstr_de:
02ED: 110000   [10]     		ld      de, 0000h
02F0:                   hexstr_de.loop:
02F0: 7E       [ 7]     		ld      a, (hl)
02F1: CDCF02   [24]     		call 	hex2nib
02F4: D8       [29|35]  		ret 	c 			; encountered non-hexdec char.
02F5:                   hexstr_de.hex2nib_succ:
02F5: 0604     [ 7]     		ld 		b, 4
02F7:                   hexstr_de.rl4:
02F7: CB13     [ 8]     		rl      e		 ;rotate left entire de
02F9: CB12     [16]     		rl      d
02FB: 10FA     [24|29]  		djnz    hexstr_de.rl4
02FD: 83       [28]     		add 	e
02FE: 5F       [32]     		ld 		e, a
02FF: 23       [38]     		inc 	hl 		; 
0300: 0D       [42]     		dec 	c
0301: 20ED     [49|54]  		jr      nz, hexstr_de.loop
0303: C9       [59]     		ret 			; return after c bytes read
                        
                        ;
0304:                   clk_spd_change:
0304: E607     [ 7]     		and 	$07
0306: D380     [18]     		out		(CLKMODE), a
0308: C9       [28]     		ret
                        ;
                        ; work space
0309:                   workspace:
0309: 0000              OADDR:		DB		0, 0
030B: 0000              CADDR:		DB		0, 0
030D: 00                STATE: 		DB 		0
                        
                        			org 	0400h
00FF:                   BUFSIZE 	EQU 	255
0400: FFFFFFFF          lbuf: 		ds 		256
0404: FF...             
                        ;


; +++ segments +++

#CODE          = $0100 =   256,  size = $0400 =  1024

; +++ global symbols +++

BUFSIZE           = $00FF =   255          monitor_100.asm:414 (unused)
CADDR             = $030B =   779          monitor_100.asm:410
CLKMODE           = $0080 =   128          monitor_100.asm:15
CONIO             = $0001 =     1          monitor_100.asm:13
CONSTA            = $0000 =     0          monitor_100.asm:12
OADDR             = $0309 =   777          monitor_100.asm:409
STATE             = $030D =   781          monitor_100.asm:411 (unused)
_end              = $0500 =  1280          monitor_100.asm:28 (unused)
_size             = $0400 =  1024          monitor_100.asm:28 (unused)
clk_mode          = $01C7 =   455          monitor_100.asm:139
clk_spd_change    = $0304 =   772          monitor_100.asm:402
default_dump      = $0162 =   354          monitor_100.asm:83
do_dump           = $017A =   378          monitor_100.asm:97
dump              = $0286 =   646          monitor_100.asm:291
dump.bytes        = $02A3 =   675          monitor_100.asm:310
dump.print_byte   = $02B5 =   693          monitor_100.asm:325
dump.print_header = $028C =   652          monitor_100.asm:297
dump.print_spc    = $02B9 =   697          monitor_100.asm:328
getchar           = $01D2 =   466          monitor_100.asm:151
getln             = $01DA =   474          monitor_100.asm:162
getln_bkspc       = $0200 =   512          monitor_100.asm:185
getln_echo_proceed = $0225 =   549          monitor_100.asm:208
getln_end         = $0232 =   562          monitor_100.asm:219
getln_escseq      = $0215 =   533          monitor_100.asm:199
getln_wait        = $01E3 =   483          monitor_100.asm:168
hex2nib           = $02CF =   719          monitor_100.asm:353
hex2nib.alpha     = $02D9 =   729          monitor_100.asm:360
hex2nib.upper     = $02E3 =   739          monitor_100.asm:367
hexstr_de         = $02ED =   749          monitor_100.asm:382
hexstr_de.hex2nib_succ = $02F5 =   757          monitor_100.asm:388 (unused)
hexstr_de.loop    = $02F0 =   752          monitor_100.asm:384
hexstr_de.rl4     = $02F7 =   759          monitor_100.asm:390
lbuf              = $0400 =  1024          monitor_100.asm:415
mon               = $0100 =   256          monitor_100.asm:29
mon_halt          = $01CE =   462          monitor_100.asm:144
print_byte        = $0242 =   578          monitor_100.asm:236
print_endl        = $024F =   591          monitor_100.asm:247
print_err_msg     = $0260 =   608          monitor_100.asm:263
print_nibble      = $0233 =   563          monitor_100.asm:224
print_nibble_out  = $023F =   575          monitor_100.asm:231
print_str_hl      = $0258 =   600          monitor_100.asm:254
read_line         = $010B =   267          monitor_100.asm:33
run_mode          = $01B8 =   440          monitor_100.asm:128
specify_end       = $014E =   334          monitor_100.asm:72
str_endl          = $0283 =   643          monitor_100.asm:281 (unused)
str_err           = $027C =   636          monitor_100.asm:279
workspace         = $0309 =   777          monitor_100.asm:408 (unused)
write_mode        = $0191 =   401          monitor_100.asm:106
write_mode.exit   = $01B5 =   437          monitor_100.asm:125


total time: 0.0021 sec.
no errors
